# JRE version: Java(TM) SE Runtime Environment (8.0_321-b07) (build 1.8.0_321-b07)
# Java VM: Java HotSpot(TM) 64-Bit Server VM (25.321-b07 mixed mode linux-amd64 compressed oops)
Heap:
 PSYoungGen      total 867840K, used 731775K [0x0000000780000000, 0x00000007c0000000, 0x00000007c0000000)
  eden space 721920K, 100% used [0x0000000780000000,0x00000007ac100000,0x00000007ac100000)
  from space 145920K, 6% used [0x00000007b7180000,0x00000007b7b1fda8,0x00000007c0000000)
  to   space 163328K, 1% used [0x00000007ac100000,0x00000007ac34a2b0,0x00000007b6080000)
 ParOldGen       total 524288K, used 364745K [0x0000000700000000, 0x0000000720000000, 0x0000000780000000)
  object space 524288K, 69% used [0x0000000700000000,0x00000007164325c8,0x0000000720000000)
 Metaspace       used 78200K, capacity 80268K, committed 80512K, reserved 1118208K
  class space    used 10183K, capacity 10802K, committed 10880K, reserved 1048576K
GC Heap History (10 events):
Event: 386.299 GC heap after
Heap after GC invocations=54 (full 5):
 PSYoungGen      total 910848K, used 9420K [0x0000000780000000, 0x00000007c0000000, 0x00000007c0000000)
  eden space 787968K, 0% used [0x0000000780000000,0x0000000780000000,0x00000007b0180000)
  from space 122880K, 7% used [0x00000007b0180000,0x00000007b0ab3310,0x00000007b7980000)
  to   space 121344K, 0% used [0x00000007b8980000,0x00000007b8980000,0x00000007c0000000)
 ParOldGen       total 363008K, used 241980K [0x0000000700000000, 0x0000000716280000, 0x0000000780000000)
  object space 363008K, 66% used [0x0000000700000000,0x000000070ec4f350,0x0000000716280000)
 Metaspace       used 75864K, capacity 77822K, committed 77952K, reserved 1116160K
  class space    used 9963K, capacity 10546K, committed 10624K, reserved 1048576K
}
Event: 389.016 GC heap before
{Heap before GC invocations=55 (full 5):
 PSYoungGen      total 910848K, used 797388K [0x0000000780000000, 0x00000007c0000000, 0x00000007c0000000)
  eden space 787968K, 100% used [0x0000000780000000,0x00000007b0180000,0x00000007b0180000)
  from space 122880K, 7% used [0x00000007b0180000,0x00000007b0ab3310,0x00000007b7980000)
  to   space 121344K, 0% used [0x00000007b8980000,0x00000007b8980000,0x00000007c0000000)
 ParOldGen       total 363008K, used 241980K [0x0000000700000000, 0x0000000716280000, 0x0000000780000000)
  object space 363008K, 66% used [0x0000000700000000,0x000000070ec4f350,0x0000000716280000)
 Metaspace       used 77671K, capacity 79636K, committed 80000K, reserved 1118208K
  class space    used 10171K, capacity 10783K, committed 10880K, reserved 1048576K
Event: 389.130 GC heap after
Heap after GC invocations=55 (full 5):
 PSYoungGen      total 882176K, used 121321K [0x0000000780000000, 0x00000007c0000000, 0x00000007c0000000)
  eden space 760832K, 0% used [0x0000000780000000,0x0000000780000000,0x00000007ae700000)
  from space 121344K, 99% used [0x00000007b8980000,0x00000007bfffa650,0x00000007c0000000)
  to   space 143872K, 0% used [0x00000007ae700000,0x00000007ae700000,0x00000007b7380000)
 ParOldGen       total 363008K, used 245398K [0x0000000700000000, 0x0000000716280000, 0x0000000780000000)
  object space 363008K, 67% used [0x0000000700000000,0x000000070efa5b10,0x0000000716280000)
 Metaspace       used 77671K, capacity 79636K, committed 80000K, reserved 1118208K
  class space    used 10171K, capacity 10783K, committed 10880K, reserved 1048576K
}
Event: 392.231 GC heap before
{Heap before GC invocations=56 (full 5):
 PSYoungGen      total 882176K, used 882153K [0x0000000780000000, 0x00000007c0000000, 0x00000007c0000000)
  eden space 760832K, 100% used [0x0000000780000000,0x00000007ae700000,0x00000007ae700000)
  from space 121344K, 99% used [0x00000007b8980000,0x00000007bfffa650,0x00000007c0000000)
  to   space 143872K, 0% used [0x00000007ae700000,0x00000007ae700000,0x00000007b7380000)
 ParOldGen       total 363008K, used 245398K [0x0000000700000000, 0x0000000716280000, 0x0000000780000000)
  object space 363008K, 67% used [0x0000000700000000,0x000000070efa5b10,0x0000000716280000)
 Metaspace       used 77868K, capacity 79882K, committed 80000K, reserved 1118208K
  class space    used 10176K, capacity 10793K, committed 10880K, reserved 1048576K
Event: 392.364 GC heap after
Heap after GC invocations=56 (full 5):
 PSYoungGen      total 902656K, used 141484K [0x0000000780000000, 0x00000007c0000000, 0x00000007c0000000)
  eden space 760832K, 0% used [0x0000000780000000,0x0000000780000000,0x00000007ae700000)
  from space 141824K, 99% used [0x00000007ae700000,0x00000007b712b3f0,0x00000007b7180000)
  to   space 145920K, 0% used [0x00000007b7180000,0x00000007b7180000,0x00000007c0000000)
 ParOldGen       total 363008K, used 248594K [0x0000000700000000, 0x0000000716280000, 0x0000000780000000)
  object space 363008K, 68% used [0x0000000700000000,0x000000070f2c48e8,0x0000000716280000)
 Metaspace       used 77868K, capacity 79882K, committed 80000K, reserved 1118208K
  class space    used 10176K, capacity 10793K, committed 10880K, reserved 1048576K
}
Event: 395.356 GC heap before
{Heap before GC invocations=57 (full 5):
 PSYoungGen      total 902656K, used 902316K [0x0000000780000000, 0x00000007c0000000, 0x00000007c0000000)
  eden space 760832K, 100% used [0x0000000780000000,0x00000007ae700000,0x00000007ae700000)
  from space 141824K, 99% used [0x00000007ae700000,0x00000007b712b3f0,0x00000007b7180000)
  to   space 145920K, 0% used [0x00000007b7180000,0x00000007b7180000,0x00000007c0000000)
 ParOldGen       total 363008K, used 248594K [0x0000000700000000, 0x0000000716280000, 0x0000000780000000)
  object space 363008K, 68% used [0x0000000700000000,0x000000070f2c48e8,0x0000000716280000)
 Metaspace       used 77918K, capacity 79968K, committed 80256K, reserved 1118208K
  class space    used 10179K, capacity 10796K, committed 10880K, reserved 1048576K
Event: 395.684 GC heap after
Heap after GC invocations=57 (full 5):
 PSYoungGen      total 867840K, used 25899K [0x0000000780000000, 0x00000007c0000000, 0x00000007c0000000)
  eden space 721920K, 0% used [0x0000000780000000,0x0000000780000000,0x00000007ac100000)
  from space 145920K, 17% used [0x00000007b7180000,0x00000007b8acac80,0x00000007c0000000)
  to   space 163328K, 0% used [0x00000007ac100000,0x00000007ac100000,0x00000007b6080000)
 ParOldGen       total 365056K, used 363828K [0x0000000700000000, 0x0000000716480000, 0x0000000780000000)
  object space 365056K, 99% used [0x0000000700000000,0x000000071634d058,0x0000000716480000)
 Metaspace       used 77918K, capacity 79968K, committed 80256K, reserved 1118208K
  class space    used 10179K, capacity 10796K, committed 10880K, reserved 1048576K
}
Event: 395.694 GC heap before
{Heap before GC invocations=58 (full 6):
 PSYoungGen      total 867840K, used 25899K [0x0000000780000000, 0x00000007c0000000, 0x00000007c0000000)
  eden space 721920K, 0% used [0x0000000780000000,0x0000000780000000,0x00000007ac100000)
  from space 145920K, 17% used [0x00000007b7180000,0x00000007b8acac80,0x00000007c0000000)
  to   space 163328K, 0% used [0x00000007ac100000,0x00000007ac100000,0x00000007b6080000)
 ParOldGen       total 365056K, used 363828K [0x0000000700000000, 0x0000000716480000, 0x0000000780000000)
  object space 365056K, 99% used [0x0000000700000000,0x000000071634d058,0x0000000716480000)
 Metaspace       used 77918K, capacity 79968K, committed 80256K, reserved 1118208K
  class space    used 10179K, capacity 10796K, committed 10880K, reserved 1048576K
Event: 397.276 GC heap after
Heap after GC invocations=58 (full 6):
 PSYoungGen      total 867840K, used 9855K [0x0000000780000000, 0x00000007c0000000, 0x00000007c0000000)
  eden space 721920K, 0% used [0x0000000780000000,0x0000000780000000,0x00000007ac100000)
  from space 145920K, 6% used [0x00000007b7180000,0x00000007b7b1fda8,0x00000007c0000000)
  to   space 163328K, 0% used [0x00000007ac100000,0x00000007ac100000,0x00000007b6080000)
 ParOldGen       total 524288K, used 364745K [0x0000000700000000, 0x0000000720000000, 0x0000000780000000)
  object space 524288K, 69% used [0x0000000700000000,0x00000007164325c8,0x0000000720000000)
 Metaspace       used 77918K, capacity 79968K, committed 80256K, reserved 1118208K
  class space    used 10179K, capacity 10796K, committed 10880K, reserved 1048576K
}
Event: 1368.955 GC heap before
{Heap before GC invocations=59 (full 6):
 PSYoungGen      total 867840K, used 731775K [0x0000000780000000, 0x00000007c0000000, 0x00000007c0000000)
  eden space 721920K, 100% used [0x0000000780000000,0x00000007ac100000,0x00000007ac100000)
  from space 145920K, 6% used [0x00000007b7180000,0x00000007b7b1fda8,0x00000007c0000000)
  to   space 163328K, 0% used [0x00000007ac100000,0x00000007ac100000,0x00000007b6080000)
 ParOldGen       total 524288K, used 364745K [0x0000000700000000, 0x0000000720000000, 0x0000000780000000)
  object space 524288K, 69% used [0x0000000700000000,0x00000007164325c8,0x0000000720000000)
 Metaspace       used 78200K, capacity 80268K, committed 80512K, reserved 1118208K
  class space    used 10183K, capacity 10802K, committed 10880K, reserved 1048576K

