# JRE version: Java(TM) SE Runtime Environment (8.0_321-b07) (build 1.8.0_321-b07)
# Java VM: Java HotSpot(TM) 64-Bit Server VM (25.321-b07 mixed mode linux-amd64 compressed oops)
Heap:
 PSYoungGen      total 931840K, used 835415K [0x0000000780000000, 0x00000007c0000000, 0x00000007c0000000)
  eden space 815104K, 100% used [0x0000000780000000,0x00000007b1c00000,0x00000007b1c00000)
  from space 116736K, 17% used [0x00000007b1c00000,0x00000007b2fd5d90,0x00000007b8e00000)
  to   space 112128K, 0% used [0x00000007b9280000,0x00000007b9280000,0x00000007c0000000)
 ParOldGen       total 1175040K, used 947339K [0x0000000700000000, 0x0000000747b80000, 0x0000000780000000)
  object space 1175040K, 80% used [0x0000000700000000,0x0000000739d22e00,0x0000000747b80000)
 Metaspace       used 93772K, capacity 99152K, committed 99456K, reserved 1136640K
  class space    used 11947K, capacity 13071K, committed 13184K, reserved 1048576K
GC Heap History (10 events):
Event: 8837.304 GC heap after
Heap after GC invocations=205 (full 11):
 PSYoungGen      total 931328K, used 35388K [0x0000000780000000, 0x00000007bf600000, 0x00000007c0000000)
  eden space 825344K, 0% used [0x0000000780000000,0x0000000780000000,0x00000007b2600000)
  from space 105984K, 33% used [0x00000007b8b00000,0x00000007bad8f030,0x00000007bf280000)
  to   space 103424K, 0% used [0x00000007b2600000,0x00000007b2600000,0x00000007b8b00000)
 ParOldGen       total 947712K, used 853541K [0x0000000700000000, 0x0000000739d80000, 0x0000000780000000)
  object space 947712K, 90% used [0x0000000700000000,0x0000000734189580,0x0000000739d80000)
 Metaspace       used 92096K, capacity 97484K, committed 97664K, reserved 1134592K
  class space    used 11741K, capacity 12837K, committed 12928K, reserved 1048576K
}
Event: 8837.958 GC heap before
{Heap before GC invocations=206 (full 11):
 PSYoungGen      total 931328K, used 860732K [0x0000000780000000, 0x00000007bf600000, 0x00000007c0000000)
  eden space 825344K, 100% used [0x0000000780000000,0x00000007b2600000,0x00000007b2600000)
  from space 105984K, 33% used [0x00000007b8b00000,0x00000007bad8f030,0x00000007bf280000)
  to   space 103424K, 0% used [0x00000007b2600000,0x00000007b2600000,0x00000007b8b00000)
 ParOldGen       total 947712K, used 853541K [0x0000000700000000, 0x0000000739d80000, 0x0000000780000000)
  object space 947712K, 90% used [0x0000000700000000,0x0000000734189580,0x0000000739d80000)
 Metaspace       used 92096K, capacity 97484K, committed 97664K, reserved 1134592K
  class space    used 11741K, capacity 12837K, committed 12928K, reserved 1048576K
Event: 8838.025 GC heap after
Heap after GC invocations=206 (full 11):
 PSYoungGen      total 928768K, used 19367K [0x0000000780000000, 0x00000007bee80000, 0x00000007c0000000)
  eden space 825344K, 0% used [0x0000000780000000,0x0000000780000000,0x00000007b2600000)
  from space 103424K, 18% used [0x00000007b2600000,0x00000007b38e9e78,0x00000007b8b00000)
  to   space 95744K, 0% used [0x00000007b9100000,0x00000007b9100000,0x00000007bee80000)
 ParOldGen       total 947712K, used 853541K [0x0000000700000000, 0x0000000739d80000, 0x0000000780000000)
  object space 947712K, 90% used [0x0000000700000000,0x0000000734189580,0x0000000739d80000)
 Metaspace       used 92096K, capacity 97484K, committed 97664K, reserved 1134592K
  class space    used 11741K, capacity 12837K, committed 12928K, reserved 1048576K
}
Event: 8848.223 GC heap before
{Heap before GC invocations=207 (full 11):
 PSYoungGen      total 928768K, used 844711K [0x0000000780000000, 0x00000007bee80000, 0x00000007c0000000)
  eden space 825344K, 100% used [0x0000000780000000,0x00000007b2600000,0x00000007b2600000)
  from space 103424K, 18% used [0x00000007b2600000,0x00000007b38e9e78,0x00000007b8b00000)
  to   space 95744K, 0% used [0x00000007b9100000,0x00000007b9100000,0x00000007bee80000)
 ParOldGen       total 947712K, used 853541K [0x0000000700000000, 0x0000000739d80000, 0x0000000780000000)
  object space 947712K, 90% used [0x0000000700000000,0x0000000734189580,0x0000000739d80000)
 Metaspace       used 93218K, capacity 98596K, committed 98816K, reserved 1134592K
  class space    used 11872K, capacity 12973K, committed 13056K, reserved 1048576K
Event: 8848.461 GC heap after
Heap after GC invocations=207 (full 11):
 PSYoungGen      total 910848K, used 95726K [0x0000000780000000, 0x00000007c0000000, 0x00000007c0000000)
  eden space 815104K, 0% used [0x0000000780000000,0x0000000780000000,0x00000007b1c00000)
  from space 95744K, 99% used [0x00000007b9100000,0x00000007bee7bab0,0x00000007bee80000)
  to   space 116736K, 0% used [0x00000007b1c00000,0x00000007b1c00000,0x00000007b8e00000)
 ParOldGen       total 947712K, used 857211K [0x0000000700000000, 0x0000000739d80000, 0x0000000780000000)
  object space 947712K, 90% used [0x0000000700000000,0x000000073451edc8,0x0000000739d80000)
 Metaspace       used 93218K, capacity 98596K, committed 98816K, reserved 1134592K
  class space    used 11872K, capacity 12973K, committed 13056K, reserved 1048576K
}
Event: 8993.146 GC heap before
{Heap before GC invocations=208 (full 11):
 PSYoungGen      total 910848K, used 910830K [0x0000000780000000, 0x00000007c0000000, 0x00000007c0000000)
  eden space 815104K, 100% used [0x0000000780000000,0x00000007b1c00000,0x00000007b1c00000)
  from space 95744K, 99% used [0x00000007b9100000,0x00000007bee7bab0,0x00000007bee80000)
  to   space 116736K, 0% used [0x00000007b1c00000,0x00000007b1c00000,0x00000007b8e00000)
 ParOldGen       total 947712K, used 857211K [0x0000000700000000, 0x0000000739d80000, 0x0000000780000000)
  object space 947712K, 90% used [0x0000000700000000,0x000000073451edc8,0x0000000739d80000)
 Metaspace       used 93772K, capacity 99152K, committed 99456K, reserved 1136640K
  class space    used 11947K, capacity 13071K, committed 13184K, reserved 1048576K
Event: 8994.484 GC heap after
Heap after GC invocations=208 (full 11):
 PSYoungGen      total 931840K, used 40312K [0x0000000780000000, 0x00000007c0000000, 0x00000007c0000000)
  eden space 815104K, 0% used [0x0000000780000000,0x0000000780000000,0x00000007b1c00000)
  from space 116736K, 34% used [0x00000007b1c00000,0x00000007b435e2d0,0x00000007b8e00000)
  to   space 112128K, 0% used [0x00000007b9280000,0x00000007b9280000,0x00000007c0000000)
 ParOldGen       total 947712K, used 939923K [0x0000000700000000, 0x0000000739d80000, 0x0000000780000000)
  object space 947712K, 99% used [0x0000000700000000,0x00000007395e4e28,0x0000000739d80000)
 Metaspace       used 93772K, capacity 99152K, committed 99456K, reserved 1136640K
  class space    used 11947K, capacity 13071K, committed 13184K, reserved 1048576K
}
Event: 8994.484 GC heap before
{Heap before GC invocations=209 (full 12):
 PSYoungGen      total 931840K, used 40312K [0x0000000780000000, 0x00000007c0000000, 0x00000007c0000000)
  eden space 815104K, 0% used [0x0000000780000000,0x0000000780000000,0x00000007b1c00000)
  from space 116736K, 34% used [0x00000007b1c00000,0x00000007b435e2d0,0x00000007b8e00000)
  to   space 112128K, 0% used [0x00000007b9280000,0x00000007b9280000,0x00000007c0000000)
 ParOldGen       total 947712K, used 939923K [0x0000000700000000, 0x0000000739d80000, 0x0000000780000000)
  object space 947712K, 99% used [0x0000000700000000,0x00000007395e4e28,0x0000000739d80000)
 Metaspace       used 93772K, capacity 99152K, committed 99456K, reserved 1136640K
  class space    used 11947K, capacity 13071K, committed 13184K, reserved 1048576K
Event: 9006.900 GC heap after
Heap after GC invocations=209 (full 12):
 PSYoungGen      total 931840K, used 20311K [0x0000000780000000, 0x00000007c0000000, 0x00000007c0000000)
  eden space 815104K, 0% used [0x0000000780000000,0x0000000780000000,0x00000007b1c00000)
  from space 116736K, 17% used [0x00000007b1c00000,0x00000007b2fd5d90,0x00000007b8e00000)
  to   space 112128K, 0% used [0x00000007b9280000,0x00000007b9280000,0x00000007c0000000)
 ParOldGen       total 1175040K, used 947339K [0x0000000700000000, 0x0000000747b80000, 0x0000000780000000)
  object space 1175040K, 80% used [0x0000000700000000,0x0000000739d22e00,0x0000000747b80000)
 Metaspace       used 93772K, capacity 99152K, committed 99456K, reserved 1136640K
  class space    used 11947K, capacity 13071K, committed 13184K, reserved 1048576K
}
Event: 9011.500 GC heap before
{Heap before GC invocations=210 (full 12):
 PSYoungGen      total 931840K, used 835415K [0x0000000780000000, 0x00000007c0000000, 0x00000007c0000000)
  eden space 815104K, 100% used [0x0000000780000000,0x00000007b1c00000,0x00000007b1c00000)
  from space 116736K, 17% used [0x00000007b1c00000,0x00000007b2fd5d90,0x00000007b8e00000)
  to   space 112128K, 0% used [0x00000007b9280000,0x00000007b9280000,0x00000007c0000000)
 ParOldGen       total 1175040K, used 947339K [0x0000000700000000, 0x0000000747b80000, 0x0000000780000000)
  object space 1175040K, 80% used [0x0000000700000000,0x0000000739d22e00,0x0000000747b80000)
 Metaspace       used 93772K, capacity 99152K, committed 99456K, reserved 1136640K
  class space    used 11947K, capacity 13071K, committed 13184K, reserved 1048576K

