# JRE version: OpenJDK Runtime Environment (8.0_322-b06) (build 1.8.0_322-b06)
# Java VM: OpenJDK 64-Bit Server VM (25.322-b06 mixed mode linux-amd64 compressed oops)
Heap:
 PSYoungGen      total 673792K, used 386066K [0x0000000780000000, 0x00000007be700000, 0x00000007c0000000)
  eden space 350208K, 100% used [0x0000000780000000,0x0000000795600000,0x0000000795600000)
  from space 323584K, 11% used [0x00000007aab00000,0x00000007ace048d8,0x00000007be700000)
  to   space 336384K, 0% used [0x0000000795600000,0x0000000795678000,0x00000007a9e80000)
 ParOldGen       total 1852416K, used 1502790K [0x0000000700000000, 0x0000000771100000, 0x0000000780000000)
  object space 1852416K, 81% used [0x0000000700000000,0x000000075bb91858,0x0000000771100000)
 Metaspace       used 87279K, capacity 90184K, committed 90456K, reserved 1128448K
  class space    used 10807K, capacity 11527K, committed 11648K, reserved 1048576K
GC Heap History (195 events):
Event: 0.238 GC heap before
{Heap before GC invocations=1 (full 0):
 PSYoungGen      total 17920K, used 15360K [0x0000000780000000, 0x0000000781400000, 0x00000007c0000000)
  eden space 15360K, 100% used [0x0000000780000000,0x0000000780f00000,0x0000000780f00000)
  from space 2560K, 0% used [0x0000000781180000,0x0000000781180000,0x0000000781400000)
  to   space 2560K, 0% used [0x0000000780f00000,0x0000000780f00000,0x0000000781180000)
 ParOldGen       total 40960K, used 0K [0x0000000700000000, 0x0000000702800000, 0x0000000780000000)
  object space 40960K, 0% used [0x0000000700000000,0x0000000700000000,0x0000000702800000)
 Metaspace       used 6467K, capacity 6600K, committed 6784K, reserved 1056768K
  class space    used 745K, capacity 780K, committed 896K, reserved 1048576K
Event: 0.240 GC heap after
Heap after GC invocations=1 (full 0):
 PSYoungGen      total 17920K, used 2554K [0x0000000780000000, 0x0000000781400000, 0x00000007c0000000)
  eden space 15360K, 0% used [0x0000000780000000,0x0000000780000000,0x0000000780f00000)
  from space 2560K, 99% used [0x0000000780f00000,0x000000078117ead0,0x0000000781180000)
  to   space 2560K, 0% used [0x0000000781180000,0x0000000781180000,0x0000000781400000)
 ParOldGen       total 40960K, used 131K [0x0000000700000000, 0x0000000702800000, 0x0000000780000000)
  object space 40960K, 0% used [0x0000000700000000,0x0000000700020fd8,0x0000000702800000)
 Metaspace       used 6467K, capacity 6600K, committed 6784K, reserved 1056768K
  class space    used 745K, capacity 780K, committed 896K, reserved 1048576K
}
Event: 0.372 GC heap before
{Heap before GC invocations=2 (full 0):
 PSYoungGen      total 17920K, used 17914K [0x0000000780000000, 0x0000000781400000, 0x00000007c0000000)
  eden space 15360K, 100% used [0x0000000780000000,0x0000000780f00000,0x0000000780f00000)
  from space 2560K, 99% used [0x0000000780f00000,0x000000078117ead0,0x0000000781180000)
  to   space 2560K, 0% used [0x0000000781180000,0x0000000781180000,0x0000000781400000)
 ParOldGen       total 40960K, used 131K [0x0000000700000000, 0x0000000702800000, 0x0000000780000000)
  object space 40960K, 0% used [0x0000000700000000,0x0000000700020fd8,0x0000000702800000)
 Metaspace       used 7061K, capacity 7208K, committed 7296K, reserved 1056768K
  class space    used 816K, capacity 876K, committed 896K, reserved 1048576K
Event: 0.374 GC heap after
Heap after GC invocations=2 (full 0):
 PSYoungGen      total 17920K, used 2551K [0x0000000780000000, 0x0000000782300000, 0x00000007c0000000)
  eden space 15360K, 0% used [0x0000000780000000,0x0000000780000000,0x0000000780f00000)
  from space 2560K, 99% used [0x0000000781180000,0x00000007813fddc0,0x0000000781400000)
  to   space 2560K, 0% used [0x0000000780f00000,0x0000000780f00000,0x0000000781180000)
 ParOldGen       total 40960K, used 217K [0x0000000700000000, 0x0000000702800000, 0x0000000780000000)
  object space 40960K, 0% used [0x0000000700000000,0x00000007000367b8,0x0000000702800000)
 Metaspace       used 7061K, capacity 7208K, committed 7296K, reserved 1056768K
  class space    used 816K, capacity 876K, committed 896K, reserved 1048576K
}
Event: 0.496 GC heap before
{Heap before GC invocations=3 (full 0):
 PSYoungGen      total 17920K, used 17911K [0x0000000780000000, 0x0000000782300000, 0x00000007c0000000)
  eden space 15360K, 100% used [0x0000000780000000,0x0000000780f00000,0x0000000780f00000)
  from space 2560K, 99% used [0x0000000781180000,0x00000007813fddc0,0x0000000781400000)
  to   space 2560K, 0% used [0x0000000780f00000,0x0000000780f00000,0x0000000781180000)
 ParOldGen       total 40960K, used 217K [0x0000000700000000, 0x0000000702800000, 0x0000000780000000)
  object space 40960K, 0% used [0x0000000700000000,0x00000007000367b8,0x0000000702800000)
 Metaspace       used 7378K, capacity 7586K, committed 7680K, reserved 1056768K
  class space    used 889K, capacity 981K, committed 1024K, reserved 1048576K
Event: 0.498 GC heap after
Heap after GC invocations=3 (full 0):
 PSYoungGen      total 17920K, used 2528K [0x0000000780000000, 0x0000000782300000, 0x00000007c0000000)
  eden space 15360K, 0% used [0x0000000780000000,0x0000000780000000,0x0000000780f00000)
  from space 2560K, 98% used [0x0000000780f00000,0x0000000781178020,0x0000000781180000)
  to   space 2560K, 0% used [0x0000000782080000,0x0000000782080000,0x0000000782300000)
 ParOldGen       total 40960K, used 492K [0x0000000700000000, 0x0000000702800000, 0x0000000780000000)
  object space 40960K, 1% used [0x0000000700000000,0x000000070007b028,0x0000000702800000)
 Metaspace       used 7378K, capacity 7586K, committed 7680K, reserved 1056768K
  class space    used 889K, capacity 981K, committed 1024K, reserved 1048576K
}
Event: 0.676 GC heap before
{Heap before GC invocations=4 (full 0):
 PSYoungGen      total 17920K, used 17888K [0x0000000780000000, 0x0000000782300000, 0x00000007c0000000)
  eden space 15360K, 100% used [0x0000000780000000,0x0000000780f00000,0x0000000780f00000)
  from space 2560K, 98% used [0x0000000780f00000,0x0000000781178020,0x0000000781180000)
  to   space 2560K, 0% used [0x0000000782080000,0x0000000782080000,0x0000000782300000)
 ParOldGen       total 40960K, used 492K [0x0000000700000000, 0x0000000702800000, 0x0000000780000000)
  object space 40960K, 1% used [0x0000000700000000,0x000000070007b028,0x0000000702800000)
 Metaspace       used 11397K, capacity 11644K, committed 11904K, reserved 1058816K
  class space    used 1463K, capacity 1582K, committed 1664K, reserved 1048576K
Event: 0.679 GC heap after
Heap after GC invocations=4 (full 0):
 PSYoungGen      total 33280K, used 2528K [0x0000000780000000, 0x0000000782300000, 0x00000007c0000000)
  eden space 30720K, 0% used [0x0000000780000000,0x0000000780000000,0x0000000781e00000)
  from space 2560K, 98% used [0x0000000782080000,0x00000007822f8030,0x0000000782300000)
  to   space 2560K, 0% used [0x0000000781e00000,0x0000000781e00000,0x0000000782080000)
 ParOldGen       total 40960K, used 2770K [0x0000000700000000, 0x0000000702800000, 0x0000000780000000)
  object space 40960K, 6% used [0x0000000700000000,0x00000007002b4a90,0x0000000702800000)
 Metaspace       used 11397K, capacity 11644K, committed 11904K, reserved 1058816K
  class space    used 1463K, capacity 1582K, committed 1664K, reserved 1048576K
}
Event: 0.854 GC heap before
{Heap before GC invocations=5 (full 0):
 PSYoungGen      total 33280K, used 33248K [0x0000000780000000, 0x0000000782300000, 0x00000007c0000000)
  eden space 30720K, 100% used [0x0000000780000000,0x0000000781e00000,0x0000000781e00000)
  from space 2560K, 98% used [0x0000000782080000,0x00000007822f8030,0x0000000782300000)
  to   space 2560K, 0% used [0x0000000781e00000,0x0000000781e00000,0x0000000782080000)
 ParOldGen       total 40960K, used 2770K [0x0000000700000000, 0x0000000702800000, 0x0000000780000000)
  object space 40960K, 6% used [0x0000000700000000,0x00000007002b4a90,0x0000000702800000)
 Metaspace       used 13665K, capacity 13920K, committed 14080K, reserved 1060864K
  class space    used 1896K, capacity 2024K, committed 2048K, reserved 1048576K
Event: 0.858 GC heap after
Heap after GC invocations=5 (full 0):
 PSYoungGen      total 33280K, used 2528K [0x0000000780000000, 0x0000000784800000, 0x00000007c0000000)
  eden space 30720K, 0% used [0x0000000780000000,0x0000000780000000,0x0000000781e00000)
  from space 2560K, 98% used [0x0000000781e00000,0x0000000782078010,0x0000000782080000)
  to   space 6144K, 0% used [0x0000000784200000,0x0000000784200000,0x0000000784800000)
 ParOldGen       total 40960K, used 6017K [0x0000000700000000, 0x0000000702800000, 0x0000000780000000)
  object space 40960K, 14% used [0x0000000700000000,0x00000007005e05b0,0x0000000702800000)
 Metaspace       used 13665K, capacity 13920K, committed 14080K, reserved 1060864K
  class space    used 1896K, capacity 2024K, committed 2048K, reserved 1048576K
}
Event: 1.159 GC heap before
{Heap before GC invocations=6 (full 0):
 PSYoungGen      total 33280K, used 33248K [0x0000000780000000, 0x0000000784800000, 0x00000007c0000000)
  eden space 30720K, 100% used [0x0000000780000000,0x0000000781e00000,0x0000000781e00000)
  from space 2560K, 98% used [0x0000000781e00000,0x0000000782078010,0x0000000782080000)
  to   space 6144K, 0% used [0x0000000784200000,0x0000000784200000,0x0000000784800000)
 ParOldGen       total 40960K, used 6017K [0x0000000700000000, 0x0000000702800000, 0x0000000780000000)
  object space 40960K, 14% used [0x0000000700000000,0x00000007005e05b0,0x0000000702800000)
 Metaspace       used 16911K, capacity 17260K, committed 17408K, reserved 1064960K
  class space    used 2408K, capacity 2544K, committed 2560K, reserved 1048576K
Event: 1.169 GC heap after
Heap after GC invocations=6 (full 0):
 PSYoungGen      total 66048K, used 6133K [0x0000000780000000, 0x0000000784b00000, 0x00000007c0000000)
  eden space 59904K, 0% used [0x0000000780000000,0x0000000780000000,0x0000000783a80000)
  from space 6144K, 99% used [0x0000000784200000,0x00000007847fd7b8,0x0000000784800000)
  to   space 7680K, 0% used [0x0000000783a80000,0x0000000783a80000,0x0000000784200000)
 ParOldGen       total 40960K, used 6441K [0x0000000700000000, 0x0000000702800000, 0x0000000780000000)
  object space 40960K, 15% used [0x0000000700000000,0x000000070064a600,0x0000000702800000)
 Metaspace       used 16911K, capacity 17260K, committed 17408K, reserved 1064960K
  class space    used 2408K, capacity 2544K, committed 2560K, reserved 1048576K
}
Event: 1.479 GC heap before
{Heap before GC invocations=7 (full 0):
 PSYoungGen      total 66048K, used 26298K [0x0000000780000000, 0x0000000784b00000, 0x00000007c0000000)
  eden space 59904K, 33% used [0x0000000780000000,0x00000007813b12e0,0x0000000783a80000)
  from space 6144K, 99% used [0x0000000784200000,0x00000007847fd7b8,0x0000000784800000)
  to   space 7680K, 0% used [0x0000000783a80000,0x0000000783a80000,0x0000000784200000)
 ParOldGen       total 40960K, used 6441K [0x0000000700000000, 0x0000000702800000, 0x0000000780000000)
  object space 40960K, 15% used [0x0000000700000000,0x000000070064a600,0x0000000702800000)
 Metaspace       used 20755K, capacity 21042K, committed 21248K, reserved 1067008K
  class space    used 2846K, capacity 2993K, committed 3072K, reserved 1048576K
Event: 1.488 GC heap after
Heap after GC invocations=7 (full 0):
 PSYoungGen      total 67584K, used 5874K [0x0000000780000000, 0x0000000788400000, 0x00000007c0000000)
  eden space 59904K, 0% used [0x0000000780000000,0x0000000780000000,0x0000000783a80000)
  from space 7680K, 76% used [0x0000000783a80000,0x000000078403cb90,0x0000000784200000)
  to   space 7680K, 0% used [0x0000000787c80000,0x0000000787c80000,0x0000000788400000)
 ParOldGen       total 40960K, used 7453K [0x0000000700000000, 0x0000000702800000, 0x0000000780000000)
  object space 40960K, 18% used [0x0000000700000000,0x0000000700747660,0x0000000702800000)
 Metaspace       used 20755K, capacity 21042K, committed 21248K, reserved 1067008K
  class space    used 2846K, capacity 2993K, committed 3072K, reserved 1048576K
}
Event: 1.488 GC heap before
{Heap before GC invocations=8 (full 1):
 PSYoungGen      total 67584K, used 5874K [0x0000000780000000, 0x0000000788400000, 0x00000007c0000000)
  eden space 59904K, 0% used [0x0000000780000000,0x0000000780000000,0x0000000783a80000)
  from space 7680K, 76% used [0x0000000783a80000,0x000000078403cb90,0x0000000784200000)
  to   space 7680K, 0% used [0x0000000787c80000,0x0000000787c80000,0x0000000788400000)
 ParOldGen       total 40960K, used 7453K [0x0000000700000000, 0x0000000702800000, 0x0000000780000000)
  object space 40960K, 18% used [0x0000000700000000,0x0000000700747660,0x0000000702800000)
 Metaspace       used 20755K, capacity 21042K, committed 21248K, reserved 1067008K
  class space    used 2846K, capacity 2993K, committed 3072K, reserved 1048576K
Event: 1.531 GC heap after
Heap after GC invocations=8 (full 1):
 PSYoungGen      total 67584K, used 0K [0x0000000780000000, 0x0000000788400000, 0x00000007c0000000)
  eden space 59904K, 0% used [0x0000000780000000,0x0000000780000000,0x0000000783a80000)
  from space 7680K, 0% used [0x0000000783a80000,0x0000000783a80000,0x0000000784200000)
  to   space 7680K, 0% used [0x0000000787c80000,0x0000000787c80000,0x0000000788400000)
 ParOldGen       total 35328K, used 8104K [0x0000000700000000, 0x0000000702280000, 0x0000000780000000)
  object space 35328K, 22% used [0x0000000700000000,0x00000007007ea0c8,0x0000000702280000)
 Metaspace       used 20755K, capacity 21042K, committed 21248K, reserved 1067008K
  class space    used 2846K, capacity 2993K, committed 3072K, reserved 1048576K
}
Event: 2.204 GC heap before
{Heap before GC invocations=9 (full 1):
 PSYoungGen      total 67584K, used 59904K [0x0000000780000000, 0x0000000788400000, 0x00000007c0000000)
  eden space 59904K, 100% used [0x0000000780000000,0x0000000783a80000,0x0000000783a80000)
  from space 7680K, 0% used [0x0000000783a80000,0x0000000783a80000,0x0000000784200000)
  to   space 7680K, 0% used [0x0000000787c80000,0x0000000787c80000,0x0000000788400000)
 ParOldGen       total 35328K, used 8104K [0x0000000700000000, 0x0000000702280000, 0x0000000780000000)
  object space 35328K, 22% used [0x0000000700000000,0x00000007007ea0c8,0x0000000702280000)
 Metaspace       used 26996K, capacity 27302K, committed 27648K, reserved 1073152K
  class space    used 3628K, capacity 3774K, committed 3840K, reserved 1048576K
Event: 2.216 GC heap after
Heap after GC invocations=9 (full 1):
 PSYoungGen      total 92672K, used 6913K [0x0000000780000000, 0x0000000788380000, 0x00000007c0000000)
  eden space 85504K, 0% used [0x0000000780000000,0x0000000780000000,0x0000000785380000)
  from space 7168K, 96% used [0x0000000787c80000,0x0000000788340738,0x0000000788380000)
  to   space 8704K, 0% used [0x0000000787280000,0x0000000787280000,0x0000000787b00000)
 ParOldGen       total 35328K, used 8112K [0x0000000700000000, 0x0000000702280000, 0x0000000780000000)
  object space 35328K, 22% used [0x0000000700000000,0x00000007007ec0c8,0x0000000702280000)
 Metaspace       used 26996K, capacity 27302K, committed 27648K, reserved 1073152K
  class space    used 3628K, capacity 3774K, committed 3840K, reserved 1048576K
}
Event: 2.997 GC heap before
{Heap before GC invocations=10 (full 1):
 PSYoungGen      total 92672K, used 92417K [0x0000000780000000, 0x0000000788380000, 0x00000007c0000000)
  eden space 85504K, 100% used [0x0000000780000000,0x0000000785380000,0x0000000785380000)
  from space 7168K, 96% used [0x0000000787c80000,0x0000000788340738,0x0000000788380000)
  to   space 8704K, 0% used [0x0000000787280000,0x0000000787280000,0x0000000787b00000)
 ParOldGen       total 35328K, used 8112K [0x0000000700000000, 0x0000000702280000, 0x0000000780000000)
  object space 35328K, 22% used [0x0000000700000000,0x00000007007ec0c8,0x0000000702280000)
 Metaspace       used 32262K, capacity 32752K, committed 33152K, reserved 1077248K
  class space    used 4419K, capacity 4624K, committed 4736K, reserved 1048576K
Event: 3.021 GC heap after
Heap after GC invocations=10 (full 1):
 PSYoungGen      total 117760K, used 8702K [0x0000000780000000, 0x0000000787f80000, 0x00000007c0000000)
  eden space 109056K, 0% used [0x0000000780000000,0x0000000780000000,0x0000000786a80000)
  from space 8704K, 99% used [0x0000000787280000,0x0000000787affb68,0x0000000787b00000)
  to   space 4608K, 0% used [0x0000000787b00000,0x0000000787b00000,0x0000000787f80000)
 ParOldGen       total 35328K, used 10636K [0x0000000700000000, 0x0000000702280000, 0x0000000780000000)
  object space 35328K, 30% used [0x0000000700000000,0x0000000700a63000,0x0000000702280000)
 Metaspace       used 32262K, capacity 32752K, committed 33152K, reserved 1077248K
  class space    used 4419K, capacity 4624K, committed 4736K, reserved 1048576K
}
Event: 3.317 GC heap before
{Heap before GC invocations=11 (full 1):
 PSYoungGen      total 117760K, used 20121K [0x0000000780000000, 0x0000000787f80000, 0x00000007c0000000)
  eden space 109056K, 10% used [0x0000000780000000,0x0000000780b26b90,0x0000000786a80000)
  from space 8704K, 99% used [0x0000000787280000,0x0000000787affb68,0x0000000787b00000)
  to   space 4608K, 0% used [0x0000000787b00000,0x0000000787b00000,0x0000000787f80000)
 ParOldGen       total 35328K, used 10636K [0x0000000700000000, 0x0000000702280000, 0x0000000780000000)
  object space 35328K, 30% used [0x0000000700000000,0x0000000700a63000,0x0000000702280000)
 Metaspace       used 34811K, capacity 35216K, committed 35416K, reserved 1079296K
  class space    used 4744K, capacity 4956K, committed 4992K, reserved 1048576K
Event: 3.331 GC heap after
Heap after GC invocations=11 (full 1):
 PSYoungGen      total 119296K, used 4576K [0x0000000780000000, 0x000000078a080000, 0x00000007c0000000)
  eden space 114688K, 0% used [0x0000000780000000,0x0000000780000000,0x0000000787000000)
  from space 4608K, 99% used [0x0000000787b00000,0x0000000787f78010,0x0000000787f80000)
  to   space 11264K, 0% used [0x0000000787000000,0x0000000787000000,0x0000000787b00000)
 ParOldGen       total 35328K, used 14748K [0x0000000700000000, 0x0000000702280000, 0x0000000780000000)
  object space 35328K, 41% used [0x0000000700000000,0x0000000700e67350,0x0000000702280000)
 Metaspace       used 34811K, capacity 35216K, committed 35416K, reserved 1079296K
  class space    used 4744K, capacity 4956K, committed 4992K, reserved 1048576K
}
Event: 3.331 GC heap before
{Heap before GC invocations=12 (full 2):
 PSYoungGen      total 119296K, used 4576K [0x0000000780000000, 0x000000078a080000, 0x00000007c0000000)
  eden space 114688K, 0% used [0x0000000780000000,0x0000000780000000,0x0000000787000000)
  from space 4608K, 99% used [0x0000000787b00000,0x0000000787f78010,0x0000000787f80000)
  to   space 11264K, 0% used [0x0000000787000000,0x0000000787000000,0x0000000787b00000)
 ParOldGen       total 35328K, used 14748K [0x0000000700000000, 0x0000000702280000, 0x0000000780000000)
  object space 35328K, 41% used [0x0000000700000000,0x0000000700e67350,0x0000000702280000)
 Metaspace       used 34811K, capacity 35216K, committed 35416K, reserved 1079296K
  class space    used 4744K, capacity 4956K, committed 4992K, reserved 1048576K
Event: 3.369 GC heap after
Heap after GC invocations=12 (full 2):
 PSYoungGen      total 119296K, used 0K [0x0000000780000000, 0x000000078a080000, 0x00000007c0000000)
  eden space 114688K, 0% used [0x0000000780000000,0x0000000780000000,0x0000000787000000)
  from space 4608K, 0% used [0x0000000787b00000,0x0000000787b00000,0x0000000787f80000)
  to   space 11264K, 0% used [0x0000000787000000,0x0000000787000000,0x0000000787b00000)
 ParOldGen       total 55296K, used 14908K [0x0000000700000000, 0x0000000703600000, 0x0000000780000000)
  object space 55296K, 26% used [0x0000000700000000,0x0000000700e8f260,0x0000000703600000)
 Metaspace       used 34811K, capacity 35216K, committed 35416K, reserved 1079296K
  class space    used 4744K, capacity 4956K, committed 4992K, reserved 1048576K
}
Event: 6.838 GC heap before
{Heap before GC invocations=13 (full 2):
 PSYoungGen      total 119296K, used 114688K [0x0000000780000000, 0x000000078a080000, 0x00000007c0000000)
  eden space 114688K, 100% used [0x0000000780000000,0x0000000787000000,0x0000000787000000)
  from space 4608K, 0% used [0x0000000787b00000,0x0000000787b00000,0x0000000787f80000)
  to   space 11264K, 0% used [0x0000000787000000,0x0000000787000000,0x0000000787b00000)
 ParOldGen       total 55296K, used 14908K [0x0000000700000000, 0x0000000703600000, 0x0000000780000000)
  object space 55296K, 26% used [0x0000000700000000,0x0000000700e8f260,0x0000000703600000)
 Metaspace       used 43290K, capacity 43880K, committed 44376K, reserved 1087488K
  class space    used 5963K, capacity 6183K, committed 6272K, reserved 1048576K
Event: 6.847 GC heap after
Heap after GC invocations=13 (full 2):
 PSYoungGen      total 125952K, used 10354K [0x0000000780000000, 0x000000078a880000, 0x00000007c0000000)
  eden space 114688K, 0% used [0x0000000780000000,0x0000000780000000,0x0000000787000000)
  from space 11264K, 91% used [0x0000000787000000,0x0000000787a1cb40,0x0000000787b00000)
  to   space 12800K, 0% used [0x0000000789c00000,0x0000000789c00000,0x000000078a880000)
 ParOldGen       total 55296K, used 14916K [0x0000000700000000, 0x0000000703600000, 0x0000000780000000)
  object space 55296K, 26% used [0x0000000700000000,0x0000000700e91260,0x0000000703600000)
 Metaspace       used 43290K, capacity 43880K, committed 44376K, reserved 1087488K
  class space    used 5963K, capacity 6183K, committed 6272K, reserved 1048576K
}
Event: 7.755 GC heap before
{Heap before GC invocations=14 (full 2):
 PSYoungGen      total 125952K, used 125042K [0x0000000780000000, 0x000000078a880000, 0x00000007c0000000)
  eden space 114688K, 100% used [0x0000000780000000,0x0000000787000000,0x0000000787000000)
  from space 11264K, 91% used [0x0000000787000000,0x0000000787a1cb40,0x0000000787b00000)
  to   space 12800K, 0% used [0x0000000789c00000,0x0000000789c00000,0x000000078a880000)
 ParOldGen       total 55296K, used 14916K [0x0000000700000000, 0x0000000703600000, 0x0000000780000000)
  object space 55296K, 26% used [0x0000000700000000,0x0000000700e91260,0x0000000703600000)
 Metaspace       used 49363K, capacity 50200K, committed 50520K, reserved 1093632K
  class space    used 6758K, capacity 7013K, committed 7040K, reserved 1048576K
Event: 7.775 GC heap after
Heap after GC invocations=14 (full 2):
 PSYoungGen      total 156160K, used 12776K [0x0000000780000000, 0x000000078af80000, 0x00000007c0000000)
  eden space 143360K, 0% used [0x0000000780000000,0x0000000780000000,0x0000000788c00000)
  from space 12800K, 99% used [0x0000000789c00000,0x000000078a87a2f0,0x000000078a880000)
  to   space 16384K, 0% used [0x0000000788c00000,0x0000000788c00000,0x0000000789c00000)
 ParOldGen       total 55296K, used 19763K [0x0000000700000000, 0x0000000703600000, 0x0000000780000000)
  object space 55296K, 35% used [0x0000000700000000,0x000000070134cfd0,0x0000000703600000)
 Metaspace       used 49363K, capacity 50200K, committed 50520K, reserved 1093632K
  class space    used 6758K, capacity 7013K, committed 7040K, reserved 1048576K
}
Event: 12.533 GC heap before
{Heap before GC invocations=15 (full 2):
 PSYoungGen      total 156160K, used 156074K [0x0000000780000000, 0x000000078af80000, 0x00000007c0000000)
  eden space 143360K, 99% used [0x0000000780000000,0x0000000788bf0768,0x0000000788c00000)
  from space 12800K, 99% used [0x0000000789c00000,0x000000078a87a2f0,0x000000078a880000)
  to   space 16384K, 0% used [0x0000000788c00000,0x0000000788c00000,0x0000000789c00000)
 ParOldGen       total 55296K, used 19763K [0x0000000700000000, 0x0000000703600000, 0x0000000780000000)
  object space 55296K, 35% used [0x0000000700000000,0x000000070134cfd0,0x0000000703600000)
 Metaspace       used 53218K, capacity 54206K, committed 54488K, reserved 1095680K
  class space    used 7314K, capacity 7584K, committed 7680K, reserved 1048576K
Event: 12.551 GC heap after
Heap after GC invocations=15 (full 2):
 PSYoungGen      total 159744K, used 16360K [0x0000000780000000, 0x000000078d780000, 0x00000007c0000000)
  eden space 143360K, 0% used [0x0000000780000000,0x0000000780000000,0x0000000788c00000)
  from space 16384K, 99% used [0x0000000788c00000,0x0000000789bfa300,0x0000000789c00000)
  to   space 20992K, 0% used [0x000000078c300000,0x000000078c300000,0x000000078d780000)
 ParOldGen       total 55296K, used 25401K [0x0000000700000000, 0x0000000703600000, 0x0000000780000000)
  object space 55296K, 45% used [0x0000000700000000,0x00000007018ce540,0x0000000703600000)
 Metaspace       used 53218K, capacity 54206K, committed 54488K, reserved 1095680K
  class space    used 7314K, capacity 7584K, committed 7680K, reserved 1048576K
}
Event: 13.072 GC heap before
{Heap before GC invocations=16 (full 2):
 PSYoungGen      total 159744K, used 159345K [0x0000000780000000, 0x000000078d780000, 0x00000007c0000000)
  eden space 143360K, 99% used [0x0000000780000000,0x0000000788ba24e8,0x0000000788c00000)
  from space 16384K, 99% used [0x0000000788c00000,0x0000000789bfa300,0x0000000789c00000)
  to   space 20992K, 0% used [0x000000078c300000,0x000000078c300000,0x000000078d780000)
 ParOldGen       total 55296K, used 25401K [0x0000000700000000, 0x0000000703600000, 0x0000000780000000)
  object space 55296K, 45% used [0x0000000700000000,0x00000007018ce540,0x0000000703600000)
 Metaspace       used 53239K, capacity 54218K, committed 54488K, reserved 1095680K
  class space    used 7315K, capacity 7586K, committed 7680K, reserved 1048576K
Event: 13.092 GC heap after
Heap after GC invocations=16 (full 2):
 PSYoungGen      total 200704K, used 6264K [0x0000000780000000, 0x000000078db00000, 0x00000007c0000000)
  eden space 179712K, 0% used [0x0000000780000000,0x0000000780000000,0x000000078af80000)
  from space 20992K, 29% used [0x000000078c300000,0x000000078c91e300,0x000000078d780000)
  to   space 19968K, 0% used [0x000000078af80000,0x000000078af80000,0x000000078c300000)
 ParOldGen       total 55296K, used 36222K [0x0000000700000000, 0x0000000703600000, 0x0000000780000000)
  object space 55296K, 65% used [0x0000000700000000,0x000000070235f868,0x0000000703600000)
 Metaspace       used 53239K, capacity 54218K, committed 54488K, reserved 1095680K
  class space    used 7315K, capacity 7586K, committed 7680K, reserved 1048576K
}
Event: 13.382 GC heap before
{Heap before GC invocations=17 (full 2):
 PSYoungGen      total 200704K, used 185976K [0x0000000780000000, 0x000000078db00000, 0x00000007c0000000)
  eden space 179712K, 100% used [0x0000000780000000,0x000000078af80000,0x000000078af80000)
  from space 20992K, 29% used [0x000000078c300000,0x000000078c91e300,0x000000078d780000)
  to   space 19968K, 0% used [0x000000078af80000,0x000000078af80000,0x000000078c300000)
 ParOldGen       total 55296K, used 36222K [0x0000000700000000, 0x0000000703600000, 0x0000000780000000)
  object space 55296K, 65% used [0x0000000700000000,0x000000070235f868,0x0000000703600000)
 Metaspace       used 53259K, capacity 54254K, committed 54488K, reserved 1095680K
  class space    used 7318K, capacity 7592K, committed 7680K, reserved 1048576K
Event: 13.387 GC heap after
Heap after GC invocations=17 (full 2):
 PSYoungGen      total 199680K, used 5752K [0x0000000780000000, 0x0000000790600000, 0x00000007c0000000)
  eden space 179712K, 0% used [0x0000000780000000,0x0000000780000000,0x000000078af80000)
  from space 19968K, 28% used [0x000000078af80000,0x000000078b51e2c0,0x000000078c300000)
  to   space 19456K, 0% used [0x000000078f300000,0x000000078f300000,0x0000000790600000)
 ParOldGen       total 55296K, used 36230K [0x0000000700000000, 0x0000000703600000, 0x0000000780000000)
  object space 55296K, 65% used [0x0000000700000000,0x0000000702361868,0x0000000703600000)
 Metaspace       used 53259K, capacity 54254K, committed 54488K, reserved 1095680K
  class space    used 7318K, capacity 7592K, committed 7680K, reserved 1048576K
}
Event: 13.775 GC heap before
{Heap before GC invocations=18 (full 2):
 PSYoungGen      total 199680K, used 185464K [0x0000000780000000, 0x0000000790600000, 0x00000007c0000000)
  eden space 179712K, 100% used [0x0000000780000000,0x000000078af80000,0x000000078af80000)
  from space 19968K, 28% used [0x000000078af80000,0x000000078b51e2c0,0x000000078c300000)
  to   space 19456K, 0% used [0x000000078f300000,0x000000078f300000,0x0000000790600000)
 ParOldGen       total 55296K, used 36230K [0x0000000700000000, 0x0000000703600000, 0x0000000780000000)
  object space 55296K, 65% used [0x0000000700000000,0x0000000702361868,0x0000000703600000)
 Metaspace       used 53259K, capacity 54254K, committed 54488K, reserved 1095680K
  class space    used 7318K, capacity 7592K, committed 7680K, reserved 1048576K
Event: 13.780 GC heap after
Heap after GC invocations=18 (full 2):
 PSYoungGen      total 242688K, used 5704K [0x0000000780000000, 0x0000000790280000, 0x00000007c0000000)
  eden space 226816K, 0% used [0x0000000780000000,0x0000000780000000,0x000000078dd80000)
  from space 15872K, 35% used [0x000000078f300000,0x000000078f8922d0,0x0000000790280000)
  to   space 18944K, 0% used [0x000000078dd80000,0x000000078dd80000,0x000000078f000000)
 ParOldGen       total 55296K, used 36230K [0x0000000700000000, 0x0000000703600000, 0x0000000780000000)
  object space 55296K, 65% used [0x0000000700000000,0x0000000702361868,0x0000000703600000)
 Metaspace       used 53259K, capacity 54254K, committed 54488K, reserved 1095680K
  class space    used 7318K, capacity 7592K, committed 7680K, reserved 1048576K
}
Event: 14.306 GC heap before
{Heap before GC invocations=19 (full 2):
 PSYoungGen      total 242688K, used 232520K [0x0000000780000000, 0x0000000790280000, 0x00000007c0000000)
  eden space 226816K, 100% used [0x0000000780000000,0x000000078dd80000,0x000000078dd80000)
  from space 15872K, 35% used [0x000000078f300000,0x000000078f8922d0,0x0000000790280000)
  to   space 18944K, 0% used [0x000000078dd80000,0x000000078dd80000,0x000000078f000000)
 ParOldGen       total 55296K, used 36230K [0x0000000700000000, 0x0000000703600000, 0x0000000780000000)
  object space 55296K, 65% used [0x0000000700000000,0x0000000702361868,0x0000000703600000)
 Metaspace       used 53263K, capacity 54254K, committed 54488K, reserved 1095680K
  class space    used 7318K, capacity 7592K, committed 7680K, reserved 1048576K
Event: 14.311 GC heap after
Heap after GC invocations=19 (full 2):
 PSYoungGen      total 245760K, used 5736K [0x0000000780000000, 0x0000000792480000, 0x00000007c0000000)
  eden space 226816K, 0% used [0x0000000780000000,0x0000000780000000,0x000000078dd80000)
  from space 18944K, 30% used [0x000000078dd80000,0x000000078e31a2d0,0x000000078f000000)
  to   space 17920K, 0% used [0x0000000791300000,0x0000000791300000,0x0000000792480000)
 ParOldGen       total 55296K, used 36230K [0x0000000700000000, 0x0000000703600000, 0x0000000780000000)
  object space 55296K, 65% used [0x0000000700000000,0x0000000702361868,0x0000000703600000)
 Metaspace       used 53263K, capacity 54254K, committed 54488K, reserved 1095680K
  class space    used 7318K, capacity 7592K, committed 7680K, reserved 1048576K
}
Event: 14.836 GC heap before
{Heap before GC invocations=20 (full 2):
 PSYoungGen      total 245760K, used 232552K [0x0000000780000000, 0x0000000792480000, 0x00000007c0000000)
  eden space 226816K, 100% used [0x0000000780000000,0x000000078dd80000,0x000000078dd80000)
  from space 18944K, 30% used [0x000000078dd80000,0x000000078e31a2d0,0x000000078f000000)
  to   space 17920K, 0% used [0x0000000791300000,0x0000000791300000,0x0000000792480000)
 ParOldGen       total 55296K, used 36230K [0x0000000700000000, 0x0000000703600000, 0x0000000780000000)
  object space 55296K, 65% used [0x0000000700000000,0x0000000702361868,0x0000000703600000)
 Metaspace       used 53263K, capacity 54254K, committed 54488K, reserved 1095680K
  class space    used 7318K, capacity 7592K, committed 7680K, reserved 1048576K
Event: 14.841 GC heap after
Heap after GC invocations=20 (full 2):
 PSYoungGen      total 275456K, used 5704K [0x0000000780000000, 0x0000000792100000, 0x00000007c0000000)
  eden space 261120K, 0% used [0x0000000780000000,0x0000000780000000,0x000000078ff00000)
  from space 14336K, 39% used [0x0000000791300000,0x00000007918922d0,0x0000000792100000)
  to   space 17408K, 0% used [0x000000078ff00000,0x000000078ff00000,0x0000000791000000)
 ParOldGen       total 55296K, used 36230K [0x0000000700000000, 0x0000000703600000, 0x0000000780000000)
  object space 55296K, 65% used [0x0000000700000000,0x0000000702361868,0x0000000703600000)
 Metaspace       used 53263K, capacity 54254K, committed 54488K, reserved 1095680K
  class space    used 7318K, capacity 7592K, committed 7680K, reserved 1048576K
}
Event: 15.436 GC heap before
{Heap before GC invocations=21 (full 2):
 PSYoungGen      total 275456K, used 266824K [0x0000000780000000, 0x0000000792100000, 0x00000007c0000000)
  eden space 261120K, 100% used [0x0000000780000000,0x000000078ff00000,0x000000078ff00000)
  from space 14336K, 39% used [0x0000000791300000,0x00000007918922d0,0x0000000792100000)
  to   space 17408K, 0% used [0x000000078ff00000,0x000000078ff00000,0x0000000791000000)
 ParOldGen       total 55296K, used 36230K [0x0000000700000000, 0x0000000703600000, 0x0000000780000000)
  object space 55296K, 65% used [0x0000000700000000,0x0000000702361868,0x0000000703600000)
 Metaspace       used 53266K, capacity 54254K, committed 54488K, reserved 1095680K
  class space    used 7318K, capacity 7592K, committed 7680K, reserved 1048576K
Event: 15.441 GC heap after
Heap after GC invocations=21 (full 2):
 PSYoungGen      total 278528K, used 5704K [0x0000000780000000, 0x0000000794400000, 0x00000007c0000000)
  eden space 261120K, 0% used [0x0000000780000000,0x0000000780000000,0x000000078ff00000)
  from space 17408K, 32% used [0x000000078ff00000,0x00000007904922d0,0x0000000791000000)
  to   space 16896K, 0% used [0x0000000793380000,0x0000000793380000,0x0000000794400000)
 ParOldGen       total 55296K, used 36230K [0x0000000700000000, 0x0000000703600000, 0x0000000780000000)
  object space 55296K, 65% used [0x0000000700000000,0x0000000702361868,0x0000000703600000)
 Metaspace       used 53266K, capacity 54254K, committed 54488K, reserved 1095680K
  class space    used 7318K, capacity 7592K, committed 7680K, reserved 1048576K
}
Event: 16.047 GC heap before
{Heap before GC invocations=22 (full 2):
 PSYoungGen      total 278528K, used 266824K [0x0000000780000000, 0x0000000794400000, 0x00000007c0000000)
  eden space 261120K, 100% used [0x0000000780000000,0x000000078ff00000,0x000000078ff00000)
  from space 17408K, 32% used [0x000000078ff00000,0x00000007904922d0,0x0000000791000000)
  to   space 16896K, 0% used [0x0000000793380000,0x0000000793380000,0x0000000794400000)
 ParOldGen       total 55296K, used 36230K [0x0000000700000000, 0x0000000703600000, 0x0000000780000000)
  object space 55296K, 65% used [0x0000000700000000,0x0000000702361868,0x0000000703600000)
 Metaspace       used 53266K, capacity 54254K, committed 54488K, reserved 1095680K
  class space    used 7318K, capacity 7592K, committed 7680K, reserved 1048576K
Event: 16.052 GC heap after
Heap after GC invocations=22 (full 2):
 PSYoungGen      total 308736K, used 5752K [0x0000000780000000, 0x0000000794080000, 0x00000007c0000000)
  eden space 295424K, 0% used [0x0000000780000000,0x0000000780000000,0x0000000792080000)
  from space 13312K, 43% used [0x0000000793380000,0x000000079391e2c0,0x0000000794080000)
  to   space 16384K, 0% used [0x0000000792080000,0x0000000792080000,0x0000000793080000)
 ParOldGen       total 55296K, used 36230K [0x0000000700000000, 0x0000000703600000, 0x0000000780000000)
  object space 55296K, 65% used [0x0000000700000000,0x0000000702361868,0x0000000703600000)
 Metaspace       used 53266K, capacity 54254K, committed 54488K, reserved 1095680K
  class space    used 7318K, capacity 7592K, committed 7680K, reserved 1048576K
}
Event: 16.731 GC heap before
{Heap before GC invocations=23 (full 2):
 PSYoungGen      total 308736K, used 301176K [0x0000000780000000, 0x0000000794080000, 0x00000007c0000000)
  eden space 295424K, 100% used [0x0000000780000000,0x0000000792080000,0x0000000792080000)
  from space 13312K, 43% used [0x0000000793380000,0x000000079391e2c0,0x0000000794080000)
  to   space 16384K, 0% used [0x0000000792080000,0x0000000792080000,0x0000000793080000)
 ParOldGen       total 55296K, used 36230K [0x0000000700000000, 0x0000000703600000, 0x0000000780000000)
  object space 55296K, 65% used [0x0000000700000000,0x0000000702361868,0x0000000703600000)
 Metaspace       used 53266K, capacity 54254K, committed 54488K, reserved 1095680K
  class space    used 7318K, capacity 7592K, committed 7680K, reserved 1048576K
Event: 16.736 GC heap after
Heap after GC invocations=23 (full 2):
 PSYoungGen      total 311808K, used 5736K [0x0000000780000000, 0x0000000796200000, 0x00000007c0000000)
  eden space 295424K, 0% used [0x0000000780000000,0x0000000780000000,0x0000000792080000)
  from space 16384K, 35% used [0x0000000792080000,0x000000079261a2d0,0x0000000793080000)
  to   space 15360K, 0% used [0x0000000795300000,0x0000000795300000,0x0000000796200000)
 ParOldGen       total 55296K, used 36230K [0x0000000700000000, 0x0000000703600000, 0x0000000780000000)
  object space 55296K, 65% used [0x0000000700000000,0x0000000702361868,0x0000000703600000)
 Metaspace       used 53266K, capacity 54254K, committed 54488K, reserved 1095680K
  class space    used 7318K, capacity 7592K, committed 7680K, reserved 1048576K
}
Event: 17.348 GC heap before
{Heap before GC invocations=24 (full 2):
 PSYoungGen      total 311808K, used 301160K [0x0000000780000000, 0x0000000796200000, 0x00000007c0000000)
  eden space 295424K, 100% used [0x0000000780000000,0x0000000792080000,0x0000000792080000)
  from space 16384K, 35% used [0x0000000792080000,0x000000079261a2d0,0x0000000793080000)
  to   space 15360K, 0% used [0x0000000795300000,0x0000000795300000,0x0000000796200000)
 ParOldGen       total 55296K, used 36230K [0x0000000700000000, 0x0000000703600000, 0x0000000780000000)
  object space 55296K, 65% used [0x0000000700000000,0x0000000702361868,0x0000000703600000)
 Metaspace       used 53266K, capacity 54254K, committed 54488K, reserved 1095680K
  class space    used 7318K, capacity 7592K, committed 7680K, reserved 1048576K
Event: 17.353 GC heap after
Heap after GC invocations=24 (full 2):
 PSYoungGen      total 342016K, used 5768K [0x0000000780000000, 0x0000000795f00000, 0x00000007c0000000)
  eden space 329728K, 0% used [0x0000000780000000,0x0000000780000000,0x0000000794200000)
  from space 12288K, 46% used [0x0000000795300000,0x00000007958a22d0,0x0000000795f00000)
  to   space 14848K, 0% used [0x0000000794200000,0x0000000794200000,0x0000000795080000)
 ParOldGen       total 55296K, used 36230K [0x0000000700000000, 0x0000000703600000, 0x0000000780000000)
  object space 55296K, 65% used [0x0000000700000000,0x0000000702361868,0x0000000703600000)
 Metaspace       used 53266K, capacity 54254K, committed 54488K, reserved 1095680K
  class space    used 7318K, capacity 7592K, committed 7680K, reserved 1048576K
}
Event: 17.913 GC heap before
{Heap before GC invocations=25 (full 2):
 PSYoungGen      total 342016K, used 335496K [0x0000000780000000, 0x0000000795f00000, 0x00000007c0000000)
  eden space 329728K, 100% used [0x0000000780000000,0x0000000794200000,0x0000000794200000)
  from space 12288K, 46% used [0x0000000795300000,0x00000007958a22d0,0x0000000795f00000)
  to   space 14848K, 0% used [0x0000000794200000,0x0000000794200000,0x0000000795080000)
 ParOldGen       total 55296K, used 36230K [0x0000000700000000, 0x0000000703600000, 0x0000000780000000)
  object space 55296K, 65% used [0x0000000700000000,0x0000000702361868,0x0000000703600000)
 Metaspace       used 53281K, capacity 54318K, committed 54488K, reserved 1095680K
  class space    used 7322K, capacity 7592K, committed 7680K, reserved 1048576K
Event: 17.926 GC heap after
Heap after GC invocations=25 (full 2):
 PSYoungGen      total 344576K, used 5752K [0x0000000780000000, 0x0000000798a80000, 0x00000007c0000000)
  eden space 329728K, 0% used [0x0000000780000000,0x0000000780000000,0x0000000794200000)
  from space 14848K, 38% used [0x0000000794200000,0x000000079479e2c0,0x0000000795080000)
  to   space 14336K, 0% used [0x0000000797c80000,0x0000000797c80000,0x0000000798a80000)
 ParOldGen       total 55296K, used 36238K [0x0000000700000000, 0x0000000703600000, 0x0000000780000000)
  object space 55296K, 65% used [0x0000000700000000,0x0000000702363868,0x0000000703600000)
 Metaspace       used 53281K, capacity 54318K, committed 54488K, reserved 1095680K
  class space    used 7322K, capacity 7592K, committed 7680K, reserved 1048576K
}
Event: 18.475 GC heap before
{Heap before GC invocations=26 (full 2):
 PSYoungGen      total 344576K, used 335480K [0x0000000780000000, 0x0000000798a80000, 0x00000007c0000000)
  eden space 329728K, 100% used [0x0000000780000000,0x0000000794200000,0x0000000794200000)
  from space 14848K, 38% used [0x0000000794200000,0x000000079479e2c0,0x0000000795080000)
  to   space 14336K, 0% used [0x0000000797c80000,0x0000000797c80000,0x0000000798a80000)
 ParOldGen       total 55296K, used 36238K [0x0000000700000000, 0x0000000703600000, 0x0000000780000000)
  object space 55296K, 65% used [0x0000000700000000,0x0000000702363868,0x0000000703600000)
 Metaspace       used 53284K, capacity 54318K, committed 54488K, reserved 1095680K
  class space    used 7322K, capacity 7592K, committed 7680K, reserved 1048576K
Event: 18.480 GC heap after
Heap after GC invocations=26 (full 2):
 PSYoungGen      total 383488K, used 5800K [0x0000000780000000, 0x0000000798700000, 0x00000007c0000000)
  eden space 372736K, 0% used [0x0000000780000000,0x0000000780000000,0x0000000796c00000)
  from space 10752K, 53% used [0x0000000797c80000,0x000000079822a2d0,0x0000000798700000)
  to   space 13824K, 0% used [0x0000000796c00000,0x0000000796c00000,0x0000000797980000)
 ParOldGen       total 55296K, used 36238K [0x0000000700000000, 0x0000000703600000, 0x0000000780000000)
  object space 55296K, 65% used [0x0000000700000000,0x0000000702363868,0x0000000703600000)
 Metaspace       used 53284K, capacity 54318K, committed 54488K, reserved 1095680K
  class space    used 7322K, capacity 7592K, committed 7680K, reserved 1048576K
}
Event: 19.078 GC heap before
{Heap before GC invocations=27 (full 2):
 PSYoungGen      total 383488K, used 378536K [0x0000000780000000, 0x0000000798700000, 0x00000007c0000000)
  eden space 372736K, 100% used [0x0000000780000000,0x0000000796c00000,0x0000000796c00000)
  from space 10752K, 53% used [0x0000000797c80000,0x000000079822a2d0,0x0000000798700000)
  to   space 13824K, 0% used [0x0000000796c00000,0x0000000796c00000,0x0000000797980000)
 ParOldGen       total 55296K, used 36238K [0x0000000700000000, 0x0000000703600000, 0x0000000780000000)
  object space 55296K, 65% used [0x0000000700000000,0x0000000702363868,0x0000000703600000)
 Metaspace       used 53305K, capacity 54330K, committed 54488K, reserved 1095680K
  class space    used 7323K, capacity 7594K, committed 7680K, reserved 1048576K
Event: 19.089 GC heap after
Heap after GC invocations=27 (full 2):
 PSYoungGen      total 386560K, used 5832K [0x0000000780000000, 0x000000079ac80000, 0x00000007c0000000)
  eden space 372736K, 0% used [0x0000000780000000,0x0000000780000000,0x0000000796c00000)
  from space 13824K, 42% used [0x0000000796c00000,0x00000007971b22d0,0x0000000797980000)
  to   space 13312K, 0% used [0x0000000799f80000,0x0000000799f80000,0x000000079ac80000)
 ParOldGen       total 55296K, used 36246K [0x0000000700000000, 0x0000000703600000, 0x0000000780000000)
  object space 55296K, 65% used [0x0000000700000000,0x0000000702365868,0x0000000703600000)
 Metaspace       used 53305K, capacity 54330K, committed 54488K, reserved 1095680K
  class space    used 7323K, capacity 7594K, committed 7680K, reserved 1048576K
}
Event: 19.645 GC heap before
{Heap before GC invocations=28 (full 2):
 PSYoungGen      total 386560K, used 378568K [0x0000000780000000, 0x000000079ac80000, 0x00000007c0000000)
  eden space 372736K, 100% used [0x0000000780000000,0x0000000796c00000,0x0000000796c00000)
  from space 13824K, 42% used [0x0000000796c00000,0x00000007971b22d0,0x0000000797980000)
  to   space 13312K, 0% used [0x0000000799f80000,0x0000000799f80000,0x000000079ac80000)
 ParOldGen       total 55296K, used 36246K [0x0000000700000000, 0x0000000703600000, 0x0000000780000000)
  object space 55296K, 65% used [0x0000000700000000,0x0000000702365868,0x0000000703600000)
 Metaspace       used 53308K, capacity 54330K, committed 54488K, reserved 1095680K
  class space    used 7323K, capacity 7594K, committed 7680K, reserved 1048576K
Event: 19.650 GC heap after
Heap after GC invocations=28 (full 2):
 PSYoungGen      total 420352K, used 5768K [0x0000000780000000, 0x000000079a980000, 0x00000007c0000000)
  eden space 410112K, 0% used [0x0000000780000000,0x0000000780000000,0x0000000799080000)
  from space 10240K, 56% used [0x0000000799f80000,0x000000079a5222d0,0x000000079a980000)
  to   space 12800K, 0% used [0x0000000799080000,0x0000000799080000,0x0000000799d00000)
 ParOldGen       total 55296K, used 36246K [0x0000000700000000, 0x0000000703600000, 0x0000000780000000)
  object space 55296K, 65% used [0x0000000700000000,0x0000000702365868,0x0000000703600000)
 Metaspace       used 53308K, capacity 54330K, committed 54488K, reserved 1095680K
  class space    used 7323K, capacity 7594K, committed 7680K, reserved 1048576K
}
Event: 21.112 GC heap before
{Heap before GC invocations=29 (full 2):
 PSYoungGen      total 420352K, used 415880K [0x0000000780000000, 0x000000079a980000, 0x00000007c0000000)
  eden space 410112K, 100% used [0x0000000780000000,0x0000000799080000,0x0000000799080000)
  from space 10240K, 56% used [0x0000000799f80000,0x000000079a5222d0,0x000000079a980000)
  to   space 12800K, 0% used [0x0000000799080000,0x0000000799080000,0x0000000799d00000)
 ParOldGen       total 55296K, used 36246K [0x0000000700000000, 0x0000000703600000, 0x0000000780000000)
  object space 55296K, 65% used [0x0000000700000000,0x0000000702365868,0x0000000703600000)
 Metaspace       used 53769K, capacity 54810K, committed 55000K, reserved 1097728K
  class space    used 7354K, capacity 7626K, committed 7680K, reserved 1048576K
Event: 21.138 GC heap after
Heap after GC invocations=29 (full 2):
 PSYoungGen      total 422912K, used 12789K [0x0000000780000000, 0x000000079f680000, 0x00000007c0000000)
  eden space 410112K, 0% used [0x0000000780000000,0x0000000780000000,0x0000000799080000)
  from space 12800K, 99% used [0x0000000799080000,0x0000000799cfd788,0x0000000799d00000)
  to   space 30208K, 0% used [0x000000079d900000,0x000000079d900000,0x000000079f680000)
 ParOldGen       total 78848K, used 78716K [0x0000000700000000, 0x0000000704d00000, 0x0000000780000000)
  object space 78848K, 99% used [0x0000000700000000,0x0000000704cdf1c0,0x0000000704d00000)
 Metaspace       used 53769K, capacity 54810K, committed 55000K, reserved 1097728K
  class space    used 7354K, capacity 7626K, committed 7680K, reserved 1048576K
}
Event: 21.138 GC heap before
{Heap before GC invocations=30 (full 3):
 PSYoungGen      total 422912K, used 12789K [0x0000000780000000, 0x000000079f680000, 0x00000007c0000000)
  eden space 410112K, 0% used [0x0000000780000000,0x0000000780000000,0x0000000799080000)
  from space 12800K, 99% used [0x0000000799080000,0x0000000799cfd788,0x0000000799d00000)
  to   space 30208K, 0% used [0x000000079d900000,0x000000079d900000,0x000000079f680000)
 ParOldGen       total 78848K, used 78716K [0x0000000700000000, 0x0000000704d00000, 0x0000000780000000)
  object space 78848K, 99% used [0x0000000700000000,0x0000000704cdf1c0,0x0000000704d00000)
 Metaspace       used 53769K, capacity 54810K, committed 55000K, reserved 1097728K
  class space    used 7354K, capacity 7626K, committed 7680K, reserved 1048576K
Event: 21.312 GC heap after
Heap after GC invocations=30 (full 3):
 PSYoungGen      total 422912K, used 6451K [0x0000000780000000, 0x000000079f680000, 0x00000007c0000000)
  eden space 410112K, 0% used [0x0000000780000000,0x0000000780000000,0x0000000799080000)
  from space 12800K, 50% used [0x0000000799080000,0x00000007996ccd28,0x0000000799d00000)
  to   space 30208K, 0% used [0x000000079d900000,0x000000079d900000,0x000000079f680000)
 ParOldGen       total 148992K, used 78552K [0x0000000700000000, 0x0000000709180000, 0x0000000780000000)
  object space 148992K, 52% used [0x0000000700000000,0x0000000704cb6348,0x0000000709180000)
 Metaspace       used 53769K, capacity 54810K, committed 55000K, reserved 1097728K
  class space    used 7354K, capacity 7626K, committed 7680K, reserved 1048576K
}
Event: 22.543 GC heap before
{Heap before GC invocations=31 (full 3):
 PSYoungGen      total 422912K, used 416563K [0x0000000780000000, 0x000000079f680000, 0x00000007c0000000)
  eden space 410112K, 100% used [0x0000000780000000,0x0000000799080000,0x0000000799080000)
  from space 12800K, 50% used [0x0000000799080000,0x00000007996ccd28,0x0000000799d00000)
  to   space 30208K, 0% used [0x000000079d900000,0x000000079d900000,0x000000079f680000)
 ParOldGen       total 148992K, used 78552K [0x0000000700000000, 0x0000000709180000, 0x0000000780000000)
  object space 148992K, 52% used [0x0000000700000000,0x0000000704cb6348,0x0000000709180000)
 Metaspace       used 53783K, capacity 54816K, committed 55000K, reserved 1097728K
  class space    used 7358K, capacity 7627K, committed 7680K, reserved 1048576K
Event: 22.557 GC heap after
Heap after GC invocations=31 (full 3):
 PSYoungGen      total 485376K, used 6707K [0x0000000780000000, 0x000000079f900000, 0x00000007c0000000)
  eden space 455168K, 0% used [0x0000000780000000,0x0000000780000000,0x000000079bc80000)
  from space 30208K, 22% used [0x000000079d900000,0x000000079df8cd38,0x000000079f680000)
  to   space 29184K, 0% used [0x000000079bc80000,0x000000079bc80000,0x000000079d900000)
 ParOldGen       total 148992K, used 78624K [0x0000000700000000, 0x0000000709180000, 0x0000000780000000)
  object space 148992K, 52% used [0x0000000700000000,0x0000000704cc8348,0x0000000709180000)
 Metaspace       used 53783K, capacity 54816K, committed 55000K, reserved 1097728K
  class space    used 7358K, capacity 7627K, committed 7680K, reserved 1048576K
}
Event: 24.190 GC heap before
{Heap before GC invocations=32 (full 3):
 PSYoungGen      total 485376K, used 461875K [0x0000000780000000, 0x000000079f900000, 0x00000007c0000000)
  eden space 455168K, 100% used [0x0000000780000000,0x000000079bc80000,0x000000079bc80000)
  from space 30208K, 22% used [0x000000079d900000,0x000000079df8cd38,0x000000079f680000)
  to   space 29184K, 0% used [0x000000079bc80000,0x000000079bc80000,0x000000079d900000)
 ParOldGen       total 148992K, used 78624K [0x0000000700000000, 0x0000000709180000, 0x0000000780000000)
  object space 148992K, 52% used [0x0000000700000000,0x0000000704cc8348,0x0000000709180000)
 Metaspace       used 53877K, capacity 54902K, committed 55000K, reserved 1097728K
  class space    used 7365K, capacity 7630K, committed 7680K, reserved 1048576K
Event: 24.200 GC heap after
Heap after GC invocations=32 (full 3):
 PSYoungGen      total 484352K, used 14967K [0x0000000780000000, 0x00000007a2500000, 0x00000007c0000000)
  eden space 455168K, 0% used [0x0000000780000000,0x0000000780000000,0x000000079bc80000)
  from space 29184K, 51% used [0x000000079bc80000,0x000000079cb1dc90,0x000000079d900000)
  to   space 28672K, 0% used [0x00000007a0900000,0x00000007a0900000,0x00000007a2500000)
 ParOldGen       total 148992K, used 78632K [0x0000000700000000, 0x0000000709180000, 0x0000000780000000)
  object space 148992K, 52% used [0x0000000700000000,0x0000000704cca348,0x0000000709180000)
 Metaspace       used 53877K, capacity 54902K, committed 55000K, reserved 1097728K
  class space    used 7365K, capacity 7630K, committed 7680K, reserved 1048576K
}
Event: 25.558 GC heap before
{Heap before GC invocations=33 (full 3):
 PSYoungGen      total 484352K, used 470135K [0x0000000780000000, 0x00000007a2500000, 0x00000007c0000000)
  eden space 455168K, 100% used [0x0000000780000000,0x000000079bc80000,0x000000079bc80000)
  from space 29184K, 51% used [0x000000079bc80000,0x000000079cb1dc90,0x000000079d900000)
  to   space 28672K, 0% used [0x00000007a0900000,0x00000007a0900000,0x00000007a2500000)
 ParOldGen       total 148992K, used 78632K [0x0000000700000000, 0x0000000709180000, 0x0000000780000000)
  object space 148992K, 52% used [0x0000000700000000,0x0000000704cca348,0x0000000709180000)
 Metaspace       used 53877K, capacity 54902K, committed 55000K, reserved 1097728K
  class space    used 7365K, capacity 7630K, committed 7680K, reserved 1048576K
Event: 25.566 GC heap after
Heap after GC invocations=33 (full 3):
 PSYoungGen      total 525312K, used 15355K [0x0000000780000000, 0x00000007a2100000, 0x00000007c0000000)
  eden space 500736K, 0% used [0x0000000780000000,0x0000000780000000,0x000000079e900000)
  from space 24576K, 62% used [0x00000007a0900000,0x00000007a17feca0,0x00000007a2100000)
  to   space 28672K, 0% used [0x000000079e900000,0x000000079e900000,0x00000007a0500000)
 ParOldGen       total 148992K, used 78640K [0x0000000700000000, 0x0000000709180000, 0x0000000780000000)
  object space 148992K, 52% used [0x0000000700000000,0x0000000704ccc348,0x0000000709180000)
 Metaspace       used 53877K, capacity 54902K, committed 55000K, reserved 1097728K
  class space    used 7365K, capacity 7630K, committed 7680K, reserved 1048576K
}
Event: 27.463 GC heap before
{Heap before GC invocations=34 (full 3):
 PSYoungGen      total 525312K, used 516091K [0x0000000780000000, 0x00000007a2100000, 0x00000007c0000000)
  eden space 500736K, 100% used [0x0000000780000000,0x000000079e900000,0x000000079e900000)
  from space 24576K, 62% used [0x00000007a0900000,0x00000007a17feca0,0x00000007a2100000)
  to   space 28672K, 0% used [0x000000079e900000,0x000000079e900000,0x00000007a0500000)
 ParOldGen       total 148992K, used 78640K [0x0000000700000000, 0x0000000709180000, 0x0000000780000000)
  object space 148992K, 52% used [0x0000000700000000,0x0000000704ccc348,0x0000000709180000)
 Metaspace       used 53878K, capacity 54902K, committed 55000K, reserved 1097728K
  class space    used 7366K, capacity 7630K, committed 7680K, reserved 1048576K
Event: 27.484 GC heap after
Heap after GC invocations=34 (full 3):
 PSYoungGen      total 529408K, used 15659K [0x0000000780000000, 0x00000007a5200000, 0x00000007c0000000)
  eden space 500736K, 0% used [0x0000000780000000,0x0000000780000000,0x000000079e900000)
  from space 28672K, 54% used [0x000000079e900000,0x000000079f84ac90,0x00000007a0500000)
  to   space 28160K, 0% used [0x00000007a3680000,0x00000007a3680000,0x00000007a5200000)
 ParOldGen       total 148992K, used 78640K [0x0000000700000000, 0x0000000709180000, 0x0000000780000000)
  object space 148992K, 52% used [0x0000000700000000,0x0000000704ccc348,0x0000000709180000)
 Metaspace       used 53878K, capacity 54902K, committed 55000K, reserved 1097728K
  class space    used 7366K, capacity 7630K, committed 7680K, reserved 1048576K
}
Event: 28.352 GC heap before
{Heap before GC invocations=35 (full 3):
 PSYoungGen      total 529408K, used 516395K [0x0000000780000000, 0x00000007a5200000, 0x00000007c0000000)
  eden space 500736K, 100% used [0x0000000780000000,0x000000079e900000,0x000000079e900000)
  from space 28672K, 54% used [0x000000079e900000,0x000000079f84ac90,0x00000007a0500000)
  to   space 28160K, 0% used [0x00000007a3680000,0x00000007a3680000,0x00000007a5200000)
 ParOldGen       total 148992K, used 78640K [0x0000000700000000, 0x0000000709180000, 0x0000000780000000)
  object space 148992K, 52% used [0x0000000700000000,0x0000000704ccc348,0x0000000709180000)
 Metaspace       used 53879K, capacity 54902K, committed 55000K, reserved 1097728K
  class space    used 7366K, capacity 7630K, committed 7680K, reserved 1048576K
Event: 28.359 GC heap after
Heap after GC invocations=35 (full 3):
 PSYoungGen      total 573952K, used 13507K [0x0000000780000000, 0x00000007a4e00000, 0x00000007c0000000)
  eden space 549888K, 0% used [0x0000000780000000,0x0000000780000000,0x00000007a1900000)
  from space 24064K, 56% used [0x00000007a3680000,0x00000007a43b0c70,0x00000007a4e00000)
  to   space 27136K, 0% used [0x00000007a1900000,0x00000007a1900000,0x00000007a3380000)
 ParOldGen       total 148992K, used 78648K [0x0000000700000000, 0x0000000709180000, 0x0000000780000000)
  object space 148992K, 52% used [0x0000000700000000,0x0000000704cce348,0x0000000709180000)
 Metaspace       used 53879K, capacity 54902K, committed 55000K, reserved 1097728K
  class space    used 7366K, capacity 7630K, committed 7680K, reserved 1048576K
}
Event: 29.467 GC heap before
{Heap before GC invocations=36 (full 3):
 PSYoungGen      total 573952K, used 563395K [0x0000000780000000, 0x00000007a4e00000, 0x00000007c0000000)
  eden space 549888K, 100% used [0x0000000780000000,0x00000007a1900000,0x00000007a1900000)
  from space 24064K, 56% used [0x00000007a3680000,0x00000007a43b0c70,0x00000007a4e00000)
  to   space 27136K, 0% used [0x00000007a1900000,0x00000007a1900000,0x00000007a3380000)
 ParOldGen       total 148992K, used 78648K [0x0000000700000000, 0x0000000709180000, 0x0000000780000000)
  object space 148992K, 52% used [0x0000000700000000,0x0000000704cce348,0x0000000709180000)
 Metaspace       used 53986K, capacity 54984K, committed 55256K, reserved 1097728K
  class space    used 7373K, capacity 7633K, committed 7680K, reserved 1048576K
Event: 29.477 GC heap after
Heap after GC invocations=36 (full 3):
 PSYoungGen      total 577024K, used 16058K [0x0000000780000000, 0x00000007a7980000, 0x00000007c0000000)
  eden space 549888K, 0% used [0x0000000780000000,0x0000000780000000,0x00000007a1900000)
  from space 27136K, 59% used [0x00000007a1900000,0x00000007a28aebc8,0x00000007a3380000)
  to   space 27136K, 0% used [0x00000007a5f00000,0x00000007a5f00000,0x00000007a7980000)
 ParOldGen       total 148992K, used 78656K [0x0000000700000000, 0x0000000709180000, 0x0000000780000000)
  object space 148992K, 52% used [0x0000000700000000,0x0000000704cd0348,0x0000000709180000)
 Metaspace       used 53986K, capacity 54984K, committed 55256K, reserved 1097728K
  class space    used 7373K, capacity 7633K, committed 7680K, reserved 1048576K
}
Event: 29.870 GC heap before
{Heap before GC invocations=37 (full 3):
 PSYoungGen      total 577024K, used 565805K [0x0000000780000000, 0x00000007a7980000, 0x00000007c0000000)
  eden space 549888K, 99% used [0x0000000780000000,0x00000007a18dc9d8,0x00000007a1900000)
  from space 27136K, 59% used [0x00000007a1900000,0x00000007a28aebc8,0x00000007a3380000)
  to   space 27136K, 0% used [0x00000007a5f00000,0x00000007a5f00000,0x00000007a7980000)
 ParOldGen       total 148992K, used 78656K [0x0000000700000000, 0x0000000709180000, 0x0000000780000000)
  object space 148992K, 52% used [0x0000000700000000,0x0000000704cd0348,0x0000000709180000)
 Metaspace       used 53986K, capacity 54984K, committed 55256K, reserved 1097728K
  class space    used 7373K, capacity 7633K, committed 7680K, reserved 1048576K
Event: 29.895 GC heap after
Heap after GC invocations=37 (full 3):
 PSYoungGen      total 607232K, used 27129K [0x0000000780000000, 0x00000007ab080000, 0x00000007c0000000)
  eden space 580096K, 0% used [0x0000000780000000,0x0000000780000000,0x00000007a3680000)
  from space 27136K, 99% used [0x00000007a5f00000,0x00000007a797e5c0,0x00000007a7980000)
  to   space 41472K, 0% used [0x00000007a3680000,0x00000007a3680000,0x00000007a5f00000)
 ParOldGen       total 148992K, used 106492K [0x0000000700000000, 0x0000000709180000, 0x0000000780000000)
  object space 148992K, 71% used [0x0000000700000000,0x00000007067ff240,0x0000000709180000)
 Metaspace       used 53986K, capacity 54984K, committed 55256K, reserved 1097728K
  class space    used 7373K, capacity 7633K, committed 7680K, reserved 1048576K
}
Event: 30.325 GC heap before
{Heap before GC invocations=38 (full 3):
 PSYoungGen      total 607232K, used 607225K [0x0000000780000000, 0x00000007ab080000, 0x00000007c0000000)
  eden space 580096K, 100% used [0x0000000780000000,0x00000007a3680000,0x00000007a3680000)
  from space 27136K, 99% used [0x00000007a5f00000,0x00000007a797e5c0,0x00000007a7980000)
  to   space 41472K, 0% used [0x00000007a3680000,0x00000007a3680000,0x00000007a5f00000)
 ParOldGen       total 148992K, used 106492K [0x0000000700000000, 0x0000000709180000, 0x0000000780000000)
  object space 148992K, 71% used [0x0000000700000000,0x00000007067ff240,0x0000000709180000)
 Metaspace       used 53986K, capacity 54984K, committed 55256K, reserved 1097728K
  class space    used 7373K, capacity 7633K, committed 7680K, reserved 1048576K
Event: 30.334 GC heap after
Heap after GC invocations=38 (full 3):
 PSYoungGen      total 621568K, used 27004K [0x0000000780000000, 0x00000007ad380000, 0x00000007c0000000)
  eden space 580096K, 0% used [0x0000000780000000,0x0000000780000000,0x00000007a3680000)
  from space 41472K, 65% used [0x00000007a3680000,0x00000007a50df040,0x00000007a5f00000)
  to   space 43008K, 0% used [0x00000007aa980000,0x00000007aa980000,0x00000007ad380000)
 ParOldGen       total 148992K, used 106492K [0x0000000700000000, 0x0000000709180000, 0x0000000780000000)
  object space 148992K, 71% used [0x0000000700000000,0x00000007067ff240,0x0000000709180000)
 Metaspace       used 53986K, capacity 54984K, committed 55256K, reserved 1097728K
  class space    used 7373K, capacity 7633K, committed 7680K, reserved 1048576K
}
Event: 41.948 GC heap before
{Heap before GC invocations=39 (full 3):
 PSYoungGen      total 621568K, used 607100K [0x0000000780000000, 0x00000007ad380000, 0x00000007c0000000)
  eden space 580096K, 100% used [0x0000000780000000,0x00000007a3680000,0x00000007a3680000)
  from space 41472K, 65% used [0x00000007a3680000,0x00000007a50df040,0x00000007a5f00000)
  to   space 43008K, 0% used [0x00000007aa980000,0x00000007aa980000,0x00000007ad380000)
 ParOldGen       total 148992K, used 106492K [0x0000000700000000, 0x0000000709180000, 0x0000000780000000)
  object space 148992K, 71% used [0x0000000700000000,0x00000007067ff240,0x0000000709180000)
 Metaspace       used 66420K, capacity 67774K, committed 68056K, reserved 1107968K
  class space    used 8990K, capacity 9416K, committed 9472K, reserved 1048576K
Event: 41.975 GC heap after
Heap after GC invocations=39 (full 3):
 PSYoungGen      total 683520K, used 30648K [0x0000000780000000, 0x00000007ace80000, 0x00000007c0000000)
  eden space 645632K, 0% used [0x0000000780000000,0x0000000780000000,0x00000007a7680000)
  from space 37888K, 80% used [0x00000007aa980000,0x00000007ac76e2e0,0x00000007ace80000)
  to   space 45056K, 0% used [0x00000007a7680000,0x00000007a7680000,0x00000007aa280000)
 ParOldGen       total 148992K, used 106500K [0x0000000700000000, 0x0000000709180000, 0x0000000780000000)
  object space 148992K, 71% used [0x0000000700000000,0x0000000706801240,0x0000000709180000)
 Metaspace       used 66420K, capacity 67774K, committed 68056K, reserved 1107968K
  class space    used 8990K, capacity 9416K, committed 9472K, reserved 1048576K
}
Event: 44.787 GC heap before
{Heap before GC invocations=40 (full 3):
 PSYoungGen      total 683520K, used 676280K [0x0000000780000000, 0x00000007ace80000, 0x00000007c0000000)
  eden space 645632K, 100% used [0x0000000780000000,0x00000007a7680000,0x00000007a7680000)
  from space 37888K, 80% used [0x00000007aa980000,0x00000007ac76e2e0,0x00000007ace80000)
  to   space 45056K, 0% used [0x00000007a7680000,0x00000007a7680000,0x00000007aa280000)
 ParOldGen       total 148992K, used 106500K [0x0000000700000000, 0x0000000709180000, 0x0000000780000000)
  object space 148992K, 71% used [0x0000000700000000,0x0000000706801240,0x0000000709180000)
 Metaspace       used 69390K, capacity 70902K, committed 71128K, reserved 1110016K
  class space    used 9228K, capacity 9690K, committed 9728K, reserved 1048576K
Event: 44.881 GC heap after
Heap after GC invocations=40 (full 3):
 PSYoungGen      total 690688K, used 45045K [0x0000000780000000, 0x00000007b4e80000, 0x00000007c0000000)
  eden space 645632K, 0% used [0x0000000780000000,0x0000000780000000,0x00000007a7680000)
  from space 45056K, 99% used [0x00000007a7680000,0x00000007aa27d718,0x00000007aa280000)
  to   space 69632K, 0% used [0x00000007b0a80000,0x00000007b0a80000,0x00000007b4e80000)
 ParOldGen       total 154624K, used 154517K [0x0000000700000000, 0x0000000709700000, 0x0000000780000000)
  object space 154624K, 99% used [0x0000000700000000,0x00000007096e54c0,0x0000000709700000)
 Metaspace       used 69390K, capacity 70902K, committed 71128K, reserved 1110016K
  class space    used 9228K, capacity 9690K, committed 9728K, reserved 1048576K
}
Event: 44.881 GC heap before
{Heap before GC invocations=41 (full 4):
 PSYoungGen      total 690688K, used 45045K [0x0000000780000000, 0x00000007b4e80000, 0x00000007c0000000)
  eden space 645632K, 0% used [0x0000000780000000,0x0000000780000000,0x00000007a7680000)
  from space 45056K, 99% used [0x00000007a7680000,0x00000007aa27d718,0x00000007aa280000)
  to   space 69632K, 0% used [0x00000007b0a80000,0x00000007b0a80000,0x00000007b4e80000)
 ParOldGen       total 154624K, used 154517K [0x0000000700000000, 0x0000000709700000, 0x0000000780000000)
  object space 154624K, 99% used [0x0000000700000000,0x00000007096e54c0,0x0000000709700000)
 Metaspace       used 69390K, capacity 70902K, committed 71128K, reserved 1110016K
  class space    used 9228K, capacity 9690K, committed 9728K, reserved 1048576K
Event: 45.163 GC heap after
Heap after GC invocations=41 (full 4):
 PSYoungGen      total 690688K, used 0K [0x0000000780000000, 0x00000007b4e80000, 0x00000007c0000000)
  eden space 645632K, 0% used [0x0000000780000000,0x0000000780000000,0x00000007a7680000)
  from space 45056K, 0% used [0x00000007a7680000,0x00000007a7680000,0x00000007aa280000)
  to   space 69632K, 0% used [0x00000007b0a80000,0x00000007b0a80000,0x00000007b4e80000)
 ParOldGen       total 216064K, used 115903K [0x0000000700000000, 0x000000070d300000, 0x0000000780000000)
  object space 216064K, 53% used [0x0000000700000000,0x000000070712ffc8,0x000000070d300000)
 Metaspace       used 69382K, capacity 70890K, committed 71128K, reserved 1110016K
  class space    used 9227K, capacity 9688K, committed 9728K, reserved 1048576K
}
Event: 48.183 GC heap before
{Heap before GC invocations=42 (full 4):
 PSYoungGen      total 690688K, used 645632K [0x0000000780000000, 0x00000007b4e80000, 0x00000007c0000000)
  eden space 645632K, 100% used [0x0000000780000000,0x00000007a7680000,0x00000007a7680000)
  from space 45056K, 0% used [0x00000007a7680000,0x00000007a7680000,0x00000007aa280000)
  to   space 69632K, 0% used [0x00000007b0a80000,0x00000007b0a80000,0x00000007b4e80000)
 ParOldGen       total 216064K, used 115903K [0x0000000700000000, 0x000000070d300000, 0x0000000780000000)
  object space 216064K, 53% used [0x0000000700000000,0x000000070712ffc8,0x000000070d300000)
 Metaspace       used 72099K, capacity 73538K, committed 73944K, reserved 1114112K
  class space    used 9433K, capacity 9884K, committed 9984K, reserved 1048576K
Event: 48.252 GC heap after
Heap after GC invocations=42 (full 4):
 PSYoungGen      total 788992K, used 60266K [0x0000000780000000, 0x00000007b6300000, 0x00000007c0000000)
  eden space 719360K, 0% used [0x0000000780000000,0x0000000780000000,0x00000007abe80000)
  from space 69632K, 86% used [0x00000007b0a80000,0x00000007b455a9e8,0x00000007b4e80000)
  to   space 77824K, 0% used [0x00000007abe80000,0x00000007abe80000,0x00000007b0a80000)
 ParOldGen       total 216064K, used 115911K [0x0000000700000000, 0x000000070d300000, 0x0000000780000000)
  object space 216064K, 53% used [0x0000000700000000,0x0000000707131fc8,0x000000070d300000)
 Metaspace       used 72099K, capacity 73538K, committed 73944K, reserved 1114112K
  class space    used 9433K, capacity 9884K, committed 9984K, reserved 1048576K
}
Event: 52.605 GC heap before
{Heap before GC invocations=43 (full 4):
 PSYoungGen      total 788992K, used 779626K [0x0000000780000000, 0x00000007b6300000, 0x00000007c0000000)
  eden space 719360K, 100% used [0x0000000780000000,0x00000007abe80000,0x00000007abe80000)
  from space 69632K, 86% used [0x00000007b0a80000,0x00000007b455a9e8,0x00000007b4e80000)
  to   space 77824K, 0% used [0x00000007abe80000,0x00000007abe80000,0x00000007b0a80000)
 ParOldGen       total 216064K, used 115911K [0x0000000700000000, 0x000000070d300000, 0x0000000780000000)
  object space 216064K, 53% used [0x0000000700000000,0x0000000707131fc8,0x000000070d300000)
 Metaspace       used 75592K, capacity 77020K, committed 77272K, reserved 1116160K
  class space    used 9787K, capacity 10190K, committed 10240K, reserved 1048576K
Event: 52.726 GC heap after
Heap after GC invocations=43 (full 4):
 PSYoungGen      total 797184K, used 77822K [0x0000000780000000, 0x00000007bea00000, 0x00000007c0000000)
  eden space 719360K, 0% used [0x0000000780000000,0x0000000780000000,0x00000007abe80000)
  from space 77824K, 99% used [0x00000007abe80000,0x00000007b0a7f9b8,0x00000007b0a80000)
  to   space 103424K, 0% used [0x00000007b8500000,0x00000007b8500000,0x00000007bea00000)
 ParOldGen       total 216064K, used 149802K [0x0000000700000000, 0x000000070d300000, 0x0000000780000000)
  object space 216064K, 69% used [0x0000000700000000,0x000000070924a820,0x000000070d300000)
 Metaspace       used 75592K, capacity 77020K, committed 77272K, reserved 1116160K
  class space    used 9787K, capacity 10190K, committed 10240K, reserved 1048576K
}
Event: 56.305 GC heap before
{Heap before GC invocations=44 (full 4):
 PSYoungGen      total 797184K, used 797182K [0x0000000780000000, 0x00000007bea00000, 0x00000007c0000000)
  eden space 719360K, 100% used [0x0000000780000000,0x00000007abe80000,0x00000007abe80000)
  from space 77824K, 99% used [0x00000007abe80000,0x00000007b0a7f9b8,0x00000007b0a80000)
  to   space 103424K, 0% used [0x00000007b8500000,0x00000007b8500000,0x00000007bea00000)
 ParOldGen       total 216064K, used 149802K [0x0000000700000000, 0x000000070d300000, 0x0000000780000000)
  object space 216064K, 69% used [0x0000000700000000,0x000000070924a820,0x000000070d300000)
 Metaspace       used 77349K, capacity 79118K, committed 79448K, reserved 1118208K
  class space    used 9978K, capacity 10503K, committed 10624K, reserved 1048576K
Event: 56.408 GC heap after
Heap after GC invocations=44 (full 4):
 PSYoungGen      total 902144K, used 103397K [0x0000000780000000, 0x00000007c0000000, 0x00000007c0000000)
  eden space 798720K, 0% used [0x0000000780000000,0x0000000780000000,0x00000007b0c00000)
  from space 103424K, 99% used [0x00000007b8500000,0x00000007be9f9748,0x00000007bea00000)
  to   space 123904K, 0% used [0x00000007b0c00000,0x00000007b0c00000,0x00000007b8500000)
 ParOldGen       total 216064K, used 157640K [0x0000000700000000, 0x000000070d300000, 0x0000000780000000)
  object space 216064K, 72% used [0x0000000700000000,0x00000007099f2088,0x000000070d300000)
 Metaspace       used 77349K, capacity 79118K, committed 79448K, reserved 1118208K
  class space    used 9978K, capacity 10503K, committed 10624K, reserved 1048576K
}
Event: 4223.123 GC heap before
{Heap before GC invocations=45 (full 4):
 PSYoungGen      total 902144K, used 901978K [0x0000000780000000, 0x00000007c0000000, 0x00000007c0000000)
  eden space 798720K, 99% used [0x0000000780000000,0x00000007b0bdd1a0,0x00000007b0c00000)
  from space 103424K, 99% used [0x00000007b8500000,0x00000007be9f9748,0x00000007bea00000)
  to   space 123904K, 0% used [0x00000007b0c00000,0x00000007b0c00000,0x00000007b8500000)
 ParOldGen       total 216064K, used 157640K [0x0000000700000000, 0x000000070d300000, 0x0000000780000000)
  object space 216064K, 72% used [0x0000000700000000,0x00000007099f2088,0x000000070d300000)
 Metaspace       used 77991K, capacity 79696K, committed 79960K, reserved 1118208K
  class space    used 9986K, capacity 10514K, committed 10624K, reserved 1048576K
Event: 4223.973 GC heap after
Heap after GC invocations=45 (full 4):
 PSYoungGen      total 891904K, used 93087K [0x0000000780000000, 0x00000007c0000000, 0x00000007c0000000)
  eden space 798720K, 0% used [0x0000000780000000,0x0000000780000000,0x00000007b0c00000)
  from space 93184K, 99% used [0x00000007b0c00000,0x00000007b66e7ef0,0x00000007b6700000)
  to   space 133632K, 0% used [0x00000007b7d80000,0x00000007b7d80000,0x00000007c0000000)
 ParOldGen       total 216064K, used 157648K [0x0000000700000000, 0x000000070d300000, 0x0000000780000000)
  object space 216064K, 72% used [0x0000000700000000,0x00000007099f4088,0x000000070d300000)
 Metaspace       used 77991K, capacity 79696K, committed 79960K, reserved 1118208K
  class space    used 9986K, capacity 10514K, committed 10624K, reserved 1048576K
}
Event: 4228.705 GC heap before
{Heap before GC invocations=46 (full 4):
 PSYoungGen      total 891904K, used 891807K [0x0000000780000000, 0x00000007c0000000, 0x00000007c0000000)
  eden space 798720K, 100% used [0x0000000780000000,0x00000007b0c00000,0x00000007b0c00000)
  from space 93184K, 99% used [0x00000007b0c00000,0x00000007b66e7ef0,0x00000007b6700000)
  to   space 133632K, 0% used [0x00000007b7d80000,0x00000007b7d80000,0x00000007c0000000)
 ParOldGen       total 216064K, used 157648K [0x0000000700000000, 0x000000070d300000, 0x0000000780000000)
  object space 216064K, 72% used [0x0000000700000000,0x00000007099f4088,0x000000070d300000)
 Metaspace       used 77994K, capacity 79696K, committed 79960K, reserved 1118208K
  class space    used 9986K, capacity 10514K, committed 10624K, reserved 1048576K
Event: 4228.818 GC heap after
Heap after GC invocations=46 (full 4):
 PSYoungGen      total 914944K, used 72928K [0x0000000780000000, 0x00000007c0000000, 0x00000007c0000000)
  eden space 781312K, 0% used [0x0000000780000000,0x0000000780000000,0x00000007afb00000)
  from space 133632K, 54% used [0x00000007b7d80000,0x00000007bc4b8308,0x00000007c0000000)
  to   space 133632K, 0% used [0x00000007afb00000,0x00000007afb00000,0x00000007b7d80000)
 ParOldGen       total 216064K, used 157656K [0x0000000700000000, 0x000000070d300000, 0x0000000780000000)
  object space 216064K, 72% used [0x0000000700000000,0x00000007099f6088,0x000000070d300000)
 Metaspace       used 77994K, capacity 79696K, committed 79960K, reserved 1118208K
  class space    used 9986K, capacity 10514K, committed 10624K, reserved 1048576K
}
Event: 4231.022 GC heap before
{Heap before GC invocations=47 (full 4):
 PSYoungGen      total 914944K, used 854240K [0x0000000780000000, 0x00000007c0000000, 0x00000007c0000000)
  eden space 781312K, 100% used [0x0000000780000000,0x00000007afb00000,0x00000007afb00000)
  from space 133632K, 54% used [0x00000007b7d80000,0x00000007bc4b8308,0x00000007c0000000)
  to   space 133632K, 0% used [0x00000007afb00000,0x00000007afb00000,0x00000007b7d80000)
 ParOldGen       total 216064K, used 157656K [0x0000000700000000, 0x000000070d300000, 0x0000000780000000)
  object space 216064K, 72% used [0x0000000700000000,0x00000007099f6088,0x000000070d300000)
 Metaspace       used 77994K, capacity 79696K, committed 79960K, reserved 1118208K
  class space    used 9986K, capacity 10514K, committed 10624K, reserved 1048576K
Event: 4231.101 GC heap after
Heap after GC invocations=47 (full 4):
 PSYoungGen      total 854528K, used 72835K [0x0000000780000000, 0x00000007bff00000, 0x00000007c0000000)
  eden space 781312K, 0% used [0x0000000780000000,0x0000000780000000,0x00000007afb00000)
  from space 73216K, 99% used [0x00000007afb00000,0x00000007b4220f80,0x00000007b4280000)
  to   space 133120K, 0% used [0x00000007b7d00000,0x00000007b7d00000,0x00000007bff00000)
 ParOldGen       total 216064K, used 157656K [0x0000000700000000, 0x000000070d300000, 0x0000000780000000)
  object space 216064K, 72% used [0x0000000700000000,0x00000007099f6088,0x000000070d300000)
 Metaspace       used 77994K, capacity 79696K, committed 79960K, reserved 1118208K
  class space    used 9986K, capacity 10514K, committed 10624K, reserved 1048576K
}
Event: 4232.781 GC heap before
{Heap before GC invocations=48 (full 4):
 PSYoungGen      total 854528K, used 854147K [0x0000000780000000, 0x00000007bff00000, 0x00000007c0000000)
  eden space 781312K, 100% used [0x0000000780000000,0x00000007afb00000,0x00000007afb00000)
  from space 73216K, 99% used [0x00000007afb00000,0x00000007b4220f80,0x00000007b4280000)
  to   space 133120K, 0% used [0x00000007b7d00000,0x00000007b7d00000,0x00000007bff00000)
 ParOldGen       total 216064K, used 157656K [0x0000000700000000, 0x000000070d300000, 0x0000000780000000)
  object space 216064K, 72% used [0x0000000700000000,0x00000007099f6088,0x000000070d300000)
 Metaspace       used 77996K, capacity 79702K, committed 79960K, reserved 1118208K
  class space    used 9986K, capacity 10515K, committed 10624K, reserved 1048576K
Event: 4232.847 GC heap after
Heap after GC invocations=48 (full 4):
 PSYoungGen      total 915456K, used 72804K [0x0000000780000000, 0x00000007c0000000, 0x00000007c0000000)
  eden space 782336K, 0% used [0x0000000780000000,0x0000000780000000,0x00000007afc00000)
  from space 133120K, 54% used [0x00000007b7d00000,0x00000007bc419260,0x00000007bff00000)
  to   space 132096K, 0% used [0x00000007afc00000,0x00000007afc00000,0x00000007b7d00000)
 ParOldGen       total 216064K, used 157656K [0x0000000700000000, 0x000000070d300000, 0x0000000780000000)
  object space 216064K, 72% used [0x0000000700000000,0x00000007099f6088,0x000000070d300000)
 Metaspace       used 77996K, capacity 79702K, committed 79960K, reserved 1118208K
  class space    used 9986K, capacity 10515K, committed 10624K, reserved 1048576K
}
Event: 4234.192 GC heap before
{Heap before GC invocations=49 (full 4):
 PSYoungGen      total 915456K, used 855140K [0x0000000780000000, 0x00000007c0000000, 0x00000007c0000000)
  eden space 782336K, 100% used [0x0000000780000000,0x00000007afc00000,0x00000007afc00000)
  from space 133120K, 54% used [0x00000007b7d00000,0x00000007bc419260,0x00000007bff00000)
  to   space 132096K, 0% used [0x00000007afc00000,0x00000007afc00000,0x00000007b7d00000)
 ParOldGen       total 216064K, used 157656K [0x0000000700000000, 0x000000070d300000, 0x0000000780000000)
  object space 216064K, 72% used [0x0000000700000000,0x00000007099f6088,0x000000070d300000)
 Metaspace       used 78006K, capacity 79772K, committed 79960K, reserved 1118208K
  class space    used 9987K, capacity 10516K, committed 10624K, reserved 1048576K
Event: 4234.274 GC heap after
Heap after GC invocations=49 (full 4):
 PSYoungGen      total 855552K, used 72775K [0x0000000780000000, 0x00000007bfc00000, 0x00000007c0000000)
  eden space 782336K, 0% used [0x0000000780000000,0x0000000780000000,0x00000007afc00000)
  from space 73216K, 99% used [0x00000007afc00000,0x00000007b4311e68,0x00000007b4380000)
  to   space 130560K, 0% used [0x00000007b7c80000,0x00000007b7c80000,0x00000007bfc00000)
 ParOldGen       total 216064K, used 157656K [0x0000000700000000, 0x000000070d300000, 0x0000000780000000)
  object space 216064K, 72% used [0x0000000700000000,0x00000007099f6088,0x000000070d300000)
 Metaspace       used 78006K, capacity 79772K, committed 79960K, reserved 1118208K
  class space    used 9987K, capacity 10516K, committed 10624K, reserved 1048576K
}
Event: 4235.790 GC heap before
{Heap before GC invocations=50 (full 4):
 PSYoungGen      total 855552K, used 855111K [0x0000000780000000, 0x00000007bfc00000, 0x00000007c0000000)
  eden space 782336K, 100% used [0x0000000780000000,0x00000007afc00000,0x00000007afc00000)
  from space 73216K, 99% used [0x00000007afc00000,0x00000007b4311e68,0x00000007b4380000)
  to   space 130560K, 0% used [0x00000007b7c80000,0x00000007b7c80000,0x00000007bfc00000)
 ParOldGen       total 216064K, used 157656K [0x0000000700000000, 0x000000070d300000, 0x0000000780000000)
  object space 216064K, 72% used [0x0000000700000000,0x00000007099f6088,0x000000070d300000)
 Metaspace       used 78009K, capacity 79778K, committed 79960K, reserved 1118208K
  class space    used 9987K, capacity 10517K, committed 10624K, reserved 1048576K
Event: 4235.886 GC heap after
Heap after GC invocations=50 (full 4):
 PSYoungGen      total 916480K, used 31922K [0x0000000780000000, 0x00000007c0000000, 0x00000007c0000000)
  eden space 785920K, 0% used [0x0000000780000000,0x0000000780000000,0x00000007aff80000)
  from space 130560K, 24% used [0x00000007b7c80000,0x00000007b9bac828,0x00000007bfc00000)
  to   space 128000K, 0% used [0x00000007aff80000,0x00000007aff80000,0x00000007b7c80000)
 ParOldGen       total 216064K, used 198869K [0x0000000700000000, 0x000000070d300000, 0x0000000780000000)
  object space 216064K, 92% used [0x0000000700000000,0x000000070c235718,0x000000070d300000)
 Metaspace       used 78009K, capacity 79778K, committed 79960K, reserved 1118208K
  class space    used 9987K, capacity 10517K, committed 10624K, reserved 1048576K
}
Event: 4235.892 GC heap before
{Heap before GC invocations=51 (full 5):
 PSYoungGen      total 916480K, used 31922K [0x0000000780000000, 0x00000007c0000000, 0x00000007c0000000)
  eden space 785920K, 0% used [0x0000000780000000,0x0000000780000000,0x00000007aff80000)
  from space 130560K, 24% used [0x00000007b7c80000,0x00000007b9bac828,0x00000007bfc00000)
  to   space 128000K, 0% used [0x00000007aff80000,0x00000007aff80000,0x00000007b7c80000)
 ParOldGen       total 216064K, used 198869K [0x0000000700000000, 0x000000070d300000, 0x0000000780000000)
  object space 216064K, 92% used [0x0000000700000000,0x000000070c235718,0x000000070d300000)
 Metaspace       used 78009K, capacity 79778K, committed 79960K, reserved 1118208K
  class space    used 9987K, capacity 10517K, committed 10624K, reserved 1048576K
Event: 4236.580 GC heap after
Heap after GC invocations=51 (full 5):
 PSYoungGen      total 916480K, used 0K [0x0000000780000000, 0x00000007c0000000, 0x00000007c0000000)
  eden space 785920K, 0% used [0x0000000780000000,0x0000000780000000,0x00000007aff80000)
  from space 130560K, 0% used [0x00000007b7c80000,0x00000007b7c80000,0x00000007bfc00000)
  to   space 128000K, 0% used [0x00000007aff80000,0x00000007aff80000,0x00000007b7c80000)
 ParOldGen       total 201216K, used 86875K [0x0000000700000000, 0x000000070c480000, 0x0000000780000000)
  object space 201216K, 43% used [0x0000000700000000,0x00000007054d6da0,0x000000070c480000)
 Metaspace       used 75457K, capacity 76482K, committed 79960K, reserved 1118208K
  class space    used 9508K, capacity 9785K, committed 10624K, reserved 1048576K
}
Event: 4238.058 GC heap before
{Heap before GC invocations=52 (full 5):
 PSYoungGen      total 916480K, used 784690K [0x0000000780000000, 0x00000007c0000000, 0x00000007c0000000)
  eden space 785920K, 99% used [0x0000000780000000,0x00000007afe4c948,0x00000007aff80000)
  from space 130560K, 0% used [0x00000007b7c80000,0x00000007b7c80000,0x00000007bfc00000)
  to   space 128000K, 0% used [0x00000007aff80000,0x00000007aff80000,0x00000007b7c80000)
 ParOldGen       total 201216K, used 86875K [0x0000000700000000, 0x000000070c480000, 0x0000000780000000)
  object space 201216K, 43% used [0x0000000700000000,0x00000007054d6da0,0x000000070c480000)
 Metaspace       used 75486K, capacity 76512K, committed 79960K, reserved 1118208K
  class space    used 9511K, capacity 9790K, committed 10624K, reserved 1048576K
Event: 4238.077 GC heap after
Heap after GC invocations=52 (full 5):
 PSYoungGen      total 913920K, used 30572K [0x0000000780000000, 0x00000007bf780000, 0x00000007c0000000)
  eden space 785920K, 0% used [0x0000000780000000,0x0000000780000000,0x00000007aff80000)
  from space 128000K, 23% used [0x00000007aff80000,0x00000007b1d5b1b0,0x00000007b7c80000)
  to   space 124928K, 0% used [0x00000007b7d80000,0x00000007b7d80000,0x00000007bf780000)
 ParOldGen       total 201216K, used 86883K [0x0000000700000000, 0x000000070c480000, 0x0000000780000000)
  object space 201216K, 43% used [0x0000000700000000,0x00000007054d8da0,0x000000070c480000)
 Metaspace       used 75486K, capacity 76512K, committed 79960K, reserved 1118208K
  class space    used 9511K, capacity 9790K, committed 10624K, reserved 1048576K
}
Event: 4238.988 GC heap before
{Heap before GC invocations=53 (full 5):
 PSYoungGen      total 913920K, used 816492K [0x0000000780000000, 0x00000007bf780000, 0x00000007c0000000)
  eden space 785920K, 100% used [0x0000000780000000,0x00000007aff80000,0x00000007aff80000)
  from space 128000K, 23% used [0x00000007aff80000,0x00000007b1d5b1b0,0x00000007b7c80000)
  to   space 124928K, 0% used [0x00000007b7d80000,0x00000007b7d80000,0x00000007bf780000)
 ParOldGen       total 201216K, used 86883K [0x0000000700000000, 0x000000070c480000, 0x0000000780000000)
  object space 201216K, 43% used [0x0000000700000000,0x00000007054d8da0,0x000000070c480000)
 Metaspace       used 75486K, capacity 76512K, committed 79960K, reserved 1118208K
  class space    used 9511K, capacity 9790K, committed 10624K, reserved 1048576K
Event: 4238.996 GC heap after
Heap after GC invocations=53 (full 5):
 PSYoungGen      total 915968K, used 16411K [0x0000000780000000, 0x00000007bfb00000, 0x00000007c0000000)
  eden space 791040K, 0% used [0x0000000780000000,0x0000000780000000,0x00000007b0480000)
  from space 124928K, 13% used [0x00000007b7d80000,0x00000007b8d86c10,0x00000007bf780000)
  to   space 123904K, 0% used [0x00000007b0480000,0x00000007b0480000,0x00000007b7d80000)
 ParOldGen       total 201216K, used 86883K [0x0000000700000000, 0x000000070c480000, 0x0000000780000000)
  object space 201216K, 43% used [0x0000000700000000,0x00000007054d8da0,0x000000070c480000)
 Metaspace       used 75486K, capacity 76512K, committed 79960K, reserved 1118208K
  class space    used 9511K, capacity 9790K, committed 10624K, reserved 1048576K
}
Event: 4248.805 GC heap before
{Heap before GC invocations=54 (full 5):
 PSYoungGen      total 915968K, used 807451K [0x0000000780000000, 0x00000007bfb00000, 0x00000007c0000000)
  eden space 791040K, 100% used [0x0000000780000000,0x00000007b0480000,0x00000007b0480000)
  from space 124928K, 13% used [0x00000007b7d80000,0x00000007b8d86c10,0x00000007bf780000)
  to   space 123904K, 0% used [0x00000007b0480000,0x00000007b0480000,0x00000007b7d80000)
 ParOldGen       total 201216K, used 86883K [0x0000000700000000, 0x000000070c480000, 0x0000000780000000)
  object space 201216K, 43% used [0x0000000700000000,0x00000007054d8da0,0x000000070c480000)
 Metaspace       used 77671K, capacity 79178K, committed 80216K, reserved 1118208K
  class space    used 9803K, capacity 10229K, committed 10624K, reserved 1048576K
Event: 4248.983 GC heap after
Heap after GC invocations=54 (full 5):
 PSYoungGen      total 914944K, used 88492K [0x0000000780000000, 0x00000007c0000000, 0x00000007c0000000)
  eden space 791040K, 0% used [0x0000000780000000,0x0000000780000000,0x00000007b0480000)
  from space 123904K, 71% used [0x00000007b0480000,0x00000007b5aeb0f8,0x00000007b7d80000)
  to   space 131072K, 0% used [0x00000007b8000000,0x00000007b8000000,0x00000007c0000000)
 ParOldGen       total 201216K, used 86891K [0x0000000700000000, 0x000000070c480000, 0x0000000780000000)
  object space 201216K, 43% used [0x0000000700000000,0x00000007054dada0,0x000000070c480000)
 Metaspace       used 77671K, capacity 79178K, committed 80216K, reserved 1118208K
  class space    used 9803K, capacity 10229K, committed 10624K, reserved 1048576K
}
Event: 4254.137 GC heap before
{Heap before GC invocations=55 (full 5):
 PSYoungGen      total 914944K, used 876452K [0x0000000780000000, 0x00000007c0000000, 0x00000007c0000000)
  eden space 791040K, 99% used [0x0000000780000000,0x00000007b017e270,0x00000007b0480000)
  from space 123904K, 71% used [0x00000007b0480000,0x00000007b5aeb0f8,0x00000007b7d80000)
  to   space 131072K, 0% used [0x00000007b8000000,0x00000007b8000000,0x00000007c0000000)
 ParOldGen       total 201216K, used 86891K [0x0000000700000000, 0x000000070c480000, 0x0000000780000000)
  object space 201216K, 43% used [0x0000000700000000,0x00000007054dada0,0x000000070c480000)
 Metaspace       used 78598K, capacity 80186K, committed 80984K, reserved 1120256K
  class space    used 9895K, capacity 10343K, committed 10624K, reserved 1048576K
Event: 4254.368 GC heap after
Heap after GC invocations=55 (full 5):
 PSYoungGen      total 871424K, used 131052K [0x0000000780000000, 0x00000007c0000000, 0x00000007c0000000)
  eden space 740352K, 0% used [0x0000000780000000,0x0000000780000000,0x00000007ad300000)
  from space 131072K, 99% used [0x00000007b8000000,0x00000007bfffb398,0x00000007c0000000)
  to   space 154112K, 0% used [0x00000007ad300000,0x00000007ad300000,0x00000007b6980000)
 ParOldGen       total 201216K, used 92733K [0x0000000700000000, 0x000000070c480000, 0x0000000780000000)
  object space 201216K, 46% used [0x0000000700000000,0x0000000705a8f5e8,0x000000070c480000)
 Metaspace       used 78598K, capacity 80186K, committed 80984K, reserved 1120256K
  class space    used 9895K, capacity 10343K, committed 10624K, reserved 1048576K
}
Event: 4260.739 GC heap before
{Heap before GC invocations=56 (full 5):
 PSYoungGen      total 871424K, used 871404K [0x0000000780000000, 0x00000007c0000000, 0x00000007c0000000)
  eden space 740352K, 100% used [0x0000000780000000,0x00000007ad300000,0x00000007ad300000)
  from space 131072K, 99% used [0x00000007b8000000,0x00000007bfffb398,0x00000007c0000000)
  to   space 154112K, 0% used [0x00000007ad300000,0x00000007ad300000,0x00000007b6980000)
 ParOldGen       total 201216K, used 92733K [0x0000000700000000, 0x000000070c480000, 0x0000000780000000)
  object space 201216K, 46% used [0x0000000700000000,0x0000000705a8f5e8,0x000000070c480000)
 Metaspace       used 78911K, capacity 80694K, committed 80984K, reserved 1120256K
  class space    used 9970K, capacity 10480K, committed 10624K, reserved 1048576K
Event: 4261.309 GC heap after
Heap after GC invocations=56 (full 5):
 PSYoungGen      total 894464K, used 154089K [0x0000000780000000, 0x00000007c0000000, 0x00000007c0000000)
  eden space 740352K, 0% used [0x0000000780000000,0x0000000780000000,0x00000007ad300000)
  from space 154112K, 99% used [0x00000007ad300000,0x00000007b697a430,0x00000007b6980000)
  to   space 154112K, 0% used [0x00000007b6980000,0x00000007b6980000,0x00000007c0000000)
 ParOldGen       total 201216K, used 96947K [0x0000000700000000, 0x000000070c480000, 0x0000000780000000)
  object space 201216K, 48% used [0x0000000700000000,0x0000000705eacc28,0x000000070c480000)
 Metaspace       used 78911K, capacity 80694K, committed 80984K, reserved 1120256K
  class space    used 9970K, capacity 10480K, committed 10624K, reserved 1048576K
}
Event: 4610.391 GC heap before
{Heap before GC invocations=57 (full 5):
 PSYoungGen      total 894464K, used 893524K [0x0000000780000000, 0x00000007c0000000, 0x00000007c0000000)
  eden space 740352K, 99% used [0x0000000780000000,0x00000007ad21aed8,0x00000007ad300000)
  from space 154112K, 99% used [0x00000007ad300000,0x00000007b697a430,0x00000007b6980000)
  to   space 154112K, 0% used [0x00000007b6980000,0x00000007b6980000,0x00000007c0000000)
 ParOldGen       total 201216K, used 96947K [0x0000000700000000, 0x000000070c480000, 0x0000000780000000)
  object space 201216K, 48% used [0x0000000700000000,0x0000000705eacc28,0x000000070c480000)
 Metaspace       used 79293K, capacity 81280K, committed 81496K, reserved 1120256K
  class space    used 10007K, capacity 10545K, committed 10624K, reserved 1048576K
Event: 4610.961 GC heap after
Heap after GC invocations=57 (full 5):
 PSYoungGen      total 847360K, used 26513K [0x0000000780000000, 0x00000007c0000000, 0x00000007c0000000)
  eden space 693248K, 0% used [0x0000000780000000,0x0000000780000000,0x00000007aa500000)
  from space 154112K, 17% used [0x00000007b6980000,0x00000007b83646c0,0x00000007c0000000)
  to   space 177664K, 0% used [0x00000007aa500000,0x00000007aa500000,0x00000007b5280000)
 ParOldGen       total 221184K, used 219500K [0x0000000700000000, 0x000000070d800000, 0x0000000780000000)
  object space 221184K, 99% used [0x0000000700000000,0x000000070d65b1f0,0x000000070d800000)
 Metaspace       used 79293K, capacity 81280K, committed 81496K, reserved 1120256K
  class space    used 10007K, capacity 10545K, committed 10624K, reserved 1048576K
}
Event: 4610.961 GC heap before
{Heap before GC invocations=58 (full 6):
 PSYoungGen      total 847360K, used 26513K [0x0000000780000000, 0x00000007c0000000, 0x00000007c0000000)
  eden space 693248K, 0% used [0x0000000780000000,0x0000000780000000,0x00000007aa500000)
  from space 154112K, 17% used [0x00000007b6980000,0x00000007b83646c0,0x00000007c0000000)
  to   space 177664K, 0% used [0x00000007aa500000,0x00000007aa500000,0x00000007b5280000)
 ParOldGen       total 221184K, used 219500K [0x0000000700000000, 0x000000070d800000, 0x0000000780000000)
  object space 221184K, 99% used [0x0000000700000000,0x000000070d65b1f0,0x000000070d800000)
 Metaspace       used 79293K, capacity 81280K, committed 81496K, reserved 1120256K
  class space    used 10007K, capacity 10545K, committed 10624K, reserved 1048576K
Event: 4611.717 GC heap after
Heap after GC invocations=58 (full 6):
 PSYoungGen      total 847360K, used 0K [0x0000000780000000, 0x00000007c0000000, 0x00000007c0000000)
  eden space 693248K, 0% used [0x0000000780000000,0x0000000780000000,0x00000007aa500000)
  from space 154112K, 0% used [0x00000007b6980000,0x00000007b6980000,0x00000007c0000000)
  to   space 177664K, 0% used [0x00000007aa500000,0x00000007aa500000,0x00000007b5280000)
 ParOldGen       total 360448K, used 209192K [0x0000000700000000, 0x0000000716000000, 0x0000000780000000)
  object space 360448K, 58% used [0x0000000700000000,0x000000070cc4a2e8,0x0000000716000000)
 Metaspace       used 79280K, capacity 81260K, committed 81496K, reserved 1120256K
  class space    used 10005K, capacity 10541K, committed 10624K, reserved 1048576K
}
Event: 4615.143 GC heap before
{Heap before GC invocations=59 (full 6):
 PSYoungGen      total 847360K, used 693248K [0x0000000780000000, 0x00000007c0000000, 0x00000007c0000000)
  eden space 693248K, 100% used [0x0000000780000000,0x00000007aa500000,0x00000007aa500000)
  from space 154112K, 0% used [0x00000007b6980000,0x00000007b6980000,0x00000007c0000000)
  to   space 177664K, 0% used [0x00000007aa500000,0x00000007aa500000,0x00000007b5280000)
 ParOldGen       total 360448K, used 209192K [0x0000000700000000, 0x0000000716000000, 0x0000000780000000)
  object space 360448K, 58% used [0x0000000700000000,0x000000070cc4a2e8,0x0000000716000000)
 Metaspace       used 79283K, capacity 81324K, committed 81496K, reserved 1120256K
  class space    used 10005K, capacity 10541K, committed 10624K, reserved 1048576K
Event: 4615.174 GC heap after
Heap after GC invocations=59 (full 6):
 PSYoungGen      total 870912K, used 160K [0x0000000780000000, 0x00000007c0000000, 0x00000007c0000000)
  eden space 693248K, 0% used [0x0000000780000000,0x0000000780000000,0x00000007aa500000)
  from space 177664K, 0% used [0x00000007aa500000,0x00000007aa528000,0x00000007b5280000)
  to   space 177664K, 0% used [0x00000007b5280000,0x00000007b5280000,0x00000007c0000000)
 ParOldGen       total 360448K, used 209192K [0x0000000700000000, 0x0000000716000000, 0x0000000780000000)
  object space 360448K, 58% used [0x0000000700000000,0x000000070cc4a2e8,0x0000000716000000)
 Metaspace       used 79283K, capacity 81324K, committed 81496K, reserved 1120256K
  class space    used 10005K, capacity 10541K, committed 10624K, reserved 1048576K
}
Event: 4617.065 GC heap before
{Heap before GC invocations=60 (full 6):
 PSYoungGen      total 870912K, used 693408K [0x0000000780000000, 0x00000007c0000000, 0x00000007c0000000)
  eden space 693248K, 100% used [0x0000000780000000,0x00000007aa500000,0x00000007aa500000)
  from space 177664K, 0% used [0x00000007aa500000,0x00000007aa528000,0x00000007b5280000)
  to   space 177664K, 0% used [0x00000007b5280000,0x00000007b5280000,0x00000007c0000000)
 ParOldGen       total 360448K, used 209192K [0x0000000700000000, 0x0000000716000000, 0x0000000780000000)
  object space 360448K, 58% used [0x0000000700000000,0x000000070cc4a2e8,0x0000000716000000)
 Metaspace       used 79283K, capacity 81324K, committed 81496K, reserved 1120256K
  class space    used 10005K, capacity 10541K, committed 10624K, reserved 1048576K
Event: 4617.069 GC heap after
Heap after GC invocations=60 (full 6):
 PSYoungGen      total 867840K, used 96K [0x0000000780000000, 0x00000007bfd00000, 0x00000007c0000000)
  eden space 693248K, 0% used [0x0000000780000000,0x0000000780000000,0x00000007aa500000)
  from space 174592K, 0% used [0x00000007b5280000,0x00000007b5298000,0x00000007bfd00000)
  to   space 176128K, 0% used [0x00000007aa500000,0x00000007aa500000,0x00000007b5100000)
 ParOldGen       total 360448K, used 209216K [0x0000000700000000, 0x0000000716000000, 0x0000000780000000)
  object space 360448K, 58% used [0x0000000700000000,0x000000070cc502e8,0x0000000716000000)
 Metaspace       used 79283K, capacity 81324K, committed 81496K, reserved 1120256K
  class space    used 10005K, capacity 10541K, committed 10624K, reserved 1048576K
}
Event: 4618.995 GC heap before
{Heap before GC invocations=61 (full 6):
 PSYoungGen      total 867840K, used 693344K [0x0000000780000000, 0x00000007bfd00000, 0x00000007c0000000)
  eden space 693248K, 100% used [0x0000000780000000,0x00000007aa500000,0x00000007aa500000)
  from space 174592K, 0% used [0x00000007b5280000,0x00000007b5298000,0x00000007bfd00000)
  to   space 176128K, 0% used [0x00000007aa500000,0x00000007aa500000,0x00000007b5100000)
 ParOldGen       total 360448K, used 209216K [0x0000000700000000, 0x0000000716000000, 0x0000000780000000)
  object space 360448K, 58% used [0x0000000700000000,0x000000070cc502e8,0x0000000716000000)
 Metaspace       used 79283K, capacity 81324K, committed 81496K, reserved 1120256K
  class space    used 10005K, capacity 10541K, committed 10624K, reserved 1048576K
Event: 4618.998 GC heap after
Heap after GC invocations=61 (full 6):
 PSYoungGen      total 869376K, used 160K [0x0000000780000000, 0x00000007bfb80000, 0x00000007c0000000)
  eden space 693248K, 0% used [0x0000000780000000,0x0000000780000000,0x00000007aa500000)
  from space 176128K, 0% used [0x00000007aa500000,0x00000007aa528000,0x00000007b5100000)
  to   space 173056K, 0% used [0x00000007b5280000,0x00000007b5280000,0x00000007bfb80000)
 ParOldGen       total 360448K, used 209240K [0x0000000700000000, 0x0000000716000000, 0x0000000780000000)
  object space 360448K, 58% used [0x0000000700000000,0x000000070cc562e8,0x0000000716000000)
 Metaspace       used 79283K, capacity 81324K, committed 81496K, reserved 1120256K
  class space    used 10005K, capacity 10541K, committed 10624K, reserved 1048576K
}
Event: 4620.382 GC heap before
{Heap before GC invocations=62 (full 6):
 PSYoungGen      total 869376K, used 693408K [0x0000000780000000, 0x00000007bfb80000, 0x00000007c0000000)
  eden space 693248K, 100% used [0x0000000780000000,0x00000007aa500000,0x00000007aa500000)
  from space 176128K, 0% used [0x00000007aa500000,0x00000007aa528000,0x00000007b5100000)
  to   space 173056K, 0% used [0x00000007b5280000,0x00000007b5280000,0x00000007bfb80000)
 ParOldGen       total 360448K, used 209240K [0x0000000700000000, 0x0000000716000000, 0x0000000780000000)
  object space 360448K, 58% used [0x0000000700000000,0x000000070cc562e8,0x0000000716000000)
 Metaspace       used 79283K, capacity 81324K, committed 81496K, reserved 1120256K
  class space    used 10005K, capacity 10541K, committed 10624K, reserved 1048576K
Event: 4620.387 GC heap after
Heap after GC invocations=62 (full 6):
 PSYoungGen      total 865792K, used 128K [0x0000000780000000, 0x00000007bf500000, 0x00000007c0000000)
  eden space 699392K, 0% used [0x0000000780000000,0x0000000780000000,0x00000007aab00000)
  from space 166400K, 0% used [0x00000007b5280000,0x00000007b52a0000,0x00000007bf500000)
  to   space 168960K, 0% used [0x00000007aab00000,0x00000007aab00000,0x00000007b5000000)
 ParOldGen       total 360448K, used 209256K [0x0000000700000000, 0x0000000716000000, 0x0000000780000000)
  object space 360448K, 58% used [0x0000000700000000,0x000000070cc5a2e8,0x0000000716000000)
 Metaspace       used 79283K, capacity 81324K, committed 81496K, reserved 1120256K
  class space    used 10005K, capacity 10541K, committed 10624K, reserved 1048576K
}
Event: 4621.498 GC heap before
{Heap before GC invocations=63 (full 6):
 PSYoungGen      total 865792K, used 699520K [0x0000000780000000, 0x00000007bf500000, 0x00000007c0000000)
  eden space 699392K, 100% used [0x0000000780000000,0x00000007aab00000,0x00000007aab00000)
  from space 166400K, 0% used [0x00000007b5280000,0x00000007b52a0000,0x00000007bf500000)
  to   space 168960K, 0% used [0x00000007aab00000,0x00000007aab00000,0x00000007b5000000)
 ParOldGen       total 360448K, used 209256K [0x0000000700000000, 0x0000000716000000, 0x0000000780000000)
  object space 360448K, 58% used [0x0000000700000000,0x000000070cc5a2e8,0x0000000716000000)
 Metaspace       used 79288K, capacity 81324K, committed 81496K, reserved 1120256K
  class space    used 10005K, capacity 10541K, committed 10624K, reserved 1048576K
Event: 4621.508 GC heap after
Heap after GC invocations=63 (full 6):
 PSYoungGen      total 868352K, used 192K [0x0000000780000000, 0x00000007bf880000, 0x00000007c0000000)
  eden space 699392K, 0% used [0x0000000780000000,0x0000000780000000,0x00000007aab00000)
  from space 168960K, 0% used [0x00000007aab00000,0x00000007aab30000,0x00000007b5000000)
  to   space 163840K, 0% used [0x00000007b5880000,0x00000007b5880000,0x00000007bf880000)
 ParOldGen       total 360448K, used 209288K [0x0000000700000000, 0x0000000716000000, 0x0000000780000000)
  object space 360448K, 58% used [0x0000000700000000,0x000000070cc622e8,0x0000000716000000)
 Metaspace       used 79288K, capacity 81324K, committed 81496K, reserved 1120256K
  class space    used 10005K, capacity 10541K, committed 10624K, reserved 1048576K
}
Event: 4623.295 GC heap before
{Heap before GC invocations=64 (full 6):
 PSYoungGen      total 868352K, used 699584K [0x0000000780000000, 0x00000007bf880000, 0x00000007c0000000)
  eden space 699392K, 100% used [0x0000000780000000,0x00000007aab00000,0x00000007aab00000)
  from space 168960K, 0% used [0x00000007aab00000,0x00000007aab30000,0x00000007b5000000)
  to   space 163840K, 0% used [0x00000007b5880000,0x00000007b5880000,0x00000007bf880000)
 ParOldGen       total 360448K, used 209288K [0x0000000700000000, 0x0000000716000000, 0x0000000780000000)
  object space 360448K, 58% used [0x0000000700000000,0x000000070cc622e8,0x0000000716000000)
 Metaspace       used 79290K, capacity 81324K, committed 81496K, reserved 1120256K
  class space    used 10005K, capacity 10541K, committed 10624K, reserved 1048576K
Event: 4623.314 GC heap after
Heap after GC invocations=64 (full 6):
 PSYoungGen      total 869888K, used 3216K [0x0000000780000000, 0x00000007bef00000, 0x00000007c0000000)
  eden space 715776K, 0% used [0x0000000780000000,0x0000000780000000,0x00000007abb00000)
  from space 154112K, 2% used [0x00000007b5880000,0x00000007b5ba4130,0x00000007bef00000)
  to   space 157696K, 0% used [0x00000007abb00000,0x00000007abb00000,0x00000007b5500000)
 ParOldGen       total 360448K, used 209312K [0x0000000700000000, 0x0000000716000000, 0x0000000780000000)
  object space 360448K, 58% used [0x0000000700000000,0x000000070cc682e8,0x0000000716000000)
 Metaspace       used 79290K, capacity 81324K, committed 81496K, reserved 1120256K
  class space    used 10005K, capacity 10541K, committed 10624K, reserved 1048576K
}
Event: 4624.002 GC heap before
{Heap before GC invocations=65 (full 6):
 PSYoungGen      total 869888K, used 718269K [0x0000000780000000, 0x00000007bef00000, 0x00000007c0000000)
  eden space 715776K, 99% used [0x0000000780000000,0x00000007aba4b368,0x00000007abb00000)
  from space 154112K, 2% used [0x00000007b5880000,0x00000007b5ba4130,0x00000007bef00000)
  to   space 157696K, 0% used [0x00000007abb00000,0x00000007abb00000,0x00000007b5500000)
 ParOldGen       total 360448K, used 209312K [0x0000000700000000, 0x0000000716000000, 0x0000000780000000)
  object space 360448K, 58% used [0x0000000700000000,0x000000070cc682e8,0x0000000716000000)
 Metaspace       used 79290K, capacity 81324K, committed 81496K, reserved 1120256K
  class space    used 10005K, capacity 10541K, committed 10624K, reserved 1048576K
Event: 4624.073 GC heap after
Heap after GC invocations=65 (full 6):
 PSYoungGen      total 873472K, used 42913K [0x0000000780000000, 0x00000007bf080000, 0x00000007c0000000)
  eden space 715776K, 0% used [0x0000000780000000,0x0000000780000000,0x00000007abb00000)
  from space 157696K, 27% used [0x00000007abb00000,0x00000007ae4e8438,0x00000007b5500000)
  to   space 147968K, 0% used [0x00000007b6000000,0x00000007b6000000,0x00000007bf080000)
 ParOldGen       total 360448K, used 209904K [0x0000000700000000, 0x0000000716000000, 0x0000000780000000)
  object space 360448K, 58% used [0x0000000700000000,0x000000070ccfc348,0x0000000716000000)
 Metaspace       used 79290K, capacity 81324K, committed 81496K, reserved 1120256K
  class space    used 10005K, capacity 10541K, committed 10624K, reserved 1048576K
}
Event: 4624.657 GC heap before
{Heap before GC invocations=66 (full 6):
 PSYoungGen      total 873472K, used 754193K [0x0000000780000000, 0x00000007bf080000, 0x00000007c0000000)
  eden space 715776K, 99% used [0x0000000780000000,0x00000007ab69c0c8,0x00000007abb00000)
  from space 157696K, 27% used [0x00000007abb00000,0x00000007ae4e8438,0x00000007b5500000)
  to   space 147968K, 0% used [0x00000007b6000000,0x00000007b6000000,0x00000007bf080000)
 ParOldGen       total 360448K, used 209904K [0x0000000700000000, 0x0000000716000000, 0x0000000780000000)
  object space 360448K, 58% used [0x0000000700000000,0x000000070ccfc348,0x0000000716000000)
 Metaspace       used 79290K, capacity 81324K, committed 81496K, reserved 1120256K
  class space    used 10005K, capacity 10541K, committed 10624K, reserved 1048576K
Event: 4624.699 GC heap after
Heap after GC invocations=66 (full 6):
 PSYoungGen      total 878592K, used 27172K [0x0000000780000000, 0x00000007be480000, 0x00000007c0000000)
  eden space 742912K, 0% used [0x0000000780000000,0x0000000780000000,0x00000007ad580000)
  from space 135680K, 20% used [0x00000007b6000000,0x00000007b7a890f0,0x00000007be480000)
  to   space 138752K, 0% used [0x00000007ad580000,0x00000007ad580000,0x00000007b5d00000)
 ParOldGen       total 360448K, used 209920K [0x0000000700000000, 0x0000000716000000, 0x0000000780000000)
  object space 360448K, 58% used [0x0000000700000000,0x000000070cd00348,0x0000000716000000)
 Metaspace       used 79290K, capacity 81324K, committed 81496K, reserved 1120256K
  class space    used 10005K, capacity 10541K, committed 10624K, reserved 1048576K
}
Event: 4633.723 GC heap before
{Heap before GC invocations=67 (full 6):
 PSYoungGen      total 878592K, used 770084K [0x0000000780000000, 0x00000007be480000, 0x00000007c0000000)
  eden space 742912K, 100% used [0x0000000780000000,0x00000007ad580000,0x00000007ad580000)
  from space 135680K, 20% used [0x00000007b6000000,0x00000007b7a890f0,0x00000007be480000)
  to   space 138752K, 0% used [0x00000007ad580000,0x00000007ad580000,0x00000007b5d00000)
 ParOldGen       total 360448K, used 209920K [0x0000000700000000, 0x0000000716000000, 0x0000000780000000)
  object space 360448K, 58% used [0x0000000700000000,0x000000070cd00348,0x0000000716000000)
 Metaspace       used 80674K, capacity 82812K, committed 82904K, reserved 1122304K
  class space    used 10141K, capacity 10697K, committed 10752K, reserved 1048576K
Event: 4633.869 GC heap after
Heap after GC invocations=67 (full 6):
 PSYoungGen      total 881664K, used 84151K [0x0000000780000000, 0x00000007c0000000, 0x00000007c0000000)
  eden space 742912K, 0% used [0x0000000780000000,0x0000000780000000,0x00000007ad580000)
  from space 138752K, 60% used [0x00000007ad580000,0x00000007b27adc68,0x00000007b5d00000)
  to   space 146432K, 0% used [0x00000007b7100000,0x00000007b7100000,0x00000007c0000000)
 ParOldGen       total 360448K, used 209928K [0x0000000700000000, 0x0000000716000000, 0x0000000780000000)
  object space 360448K, 58% used [0x0000000700000000,0x000000070cd02348,0x0000000716000000)
 Metaspace       used 80674K, capacity 82812K, committed 82904K, reserved 1122304K
  class space    used 10141K, capacity 10697K, committed 10752K, reserved 1048576K
}
Event: 4638.126 GC heap before
{Heap before GC invocations=68 (full 6):
 PSYoungGen      total 881664K, used 823807K [0x0000000780000000, 0x00000007c0000000, 0x00000007c0000000)
  eden space 742912K, 99% used [0x0000000780000000,0x00000007ad252138,0x00000007ad580000)
  from space 138752K, 60% used [0x00000007ad580000,0x00000007b27adc68,0x00000007b5d00000)
  to   space 146432K, 0% used [0x00000007b7100000,0x00000007b7100000,0x00000007c0000000)
 ParOldGen       total 360448K, used 209928K [0x0000000700000000, 0x0000000716000000, 0x0000000780000000)
  object space 360448K, 58% used [0x0000000700000000,0x000000070cd02348,0x0000000716000000)
 Metaspace       used 81473K, capacity 83602K, committed 83800K, reserved 1122304K
  class space    used 10227K, capacity 10803K, committed 10880K, reserved 1048576K
Event: 4638.321 GC heap after
Heap after GC invocations=68 (full 6):
 PSYoungGen      total 905728K, used 57946K [0x0000000780000000, 0x00000007bff80000, 0x00000007c0000000)
  eden space 759808K, 0% used [0x0000000780000000,0x0000000780000000,0x00000007ae600000)
  from space 145920K, 39% used [0x00000007b7100000,0x00000007ba996928,0x00000007bff80000)
  to   space 142336K, 0% used [0x00000007ae600000,0x00000007ae600000,0x00000007b7100000)
 ParOldGen       total 360448K, used 281937K [0x0000000700000000, 0x0000000716000000, 0x0000000780000000)
  object space 360448K, 78% used [0x0000000700000000,0x00000007113546a0,0x0000000716000000)
 Metaspace       used 81473K, capacity 83602K, committed 83800K, reserved 1122304K
  class space    used 10227K, capacity 10803K, committed 10880K, reserved 1048576K
}
Event: 4641.246 GC heap before
{Heap before GC invocations=69 (full 6):
 PSYoungGen      total 905728K, used 817754K [0x0000000780000000, 0x00000007bff80000, 0x00000007c0000000)
  eden space 759808K, 100% used [0x0000000780000000,0x00000007ae600000,0x00000007ae600000)
  from space 145920K, 39% used [0x00000007b7100000,0x00000007ba996928,0x00000007bff80000)
  to   space 142336K, 0% used [0x00000007ae600000,0x00000007ae600000,0x00000007b7100000)
 ParOldGen       total 360448K, used 281937K [0x0000000700000000, 0x0000000716000000, 0x0000000780000000)
  object space 360448K, 78% used [0x0000000700000000,0x00000007113546a0,0x0000000716000000)
 Metaspace       used 81514K, capacity 83620K, committed 83800K, reserved 1122304K
  class space    used 10229K, capacity 10806K, committed 10880K, reserved 1048576K
Event: 4641.331 GC heap after
Heap after GC invocations=69 (full 6):
 PSYoungGen      total 792064K, used 31752K [0x0000000780000000, 0x00000007bec80000, 0x00000007c0000000)
  eden space 759808K, 0% used [0x0000000780000000,0x0000000780000000,0x00000007ae600000)
  from space 32256K, 98% used [0x00000007ae600000,0x00000007b0502340,0x00000007b0580000)
  to   space 134144K, 0% used [0x00000007b6980000,0x00000007b6980000,0x00000007bec80000)
 ParOldGen       total 360448K, used 334062K [0x0000000700000000, 0x0000000716000000, 0x0000000780000000)
  object space 360448K, 92% used [0x0000000700000000,0x000000071463b988,0x0000000716000000)
 Metaspace       used 81514K, capacity 83620K, committed 83800K, reserved 1122304K
  class space    used 10229K, capacity 10806K, committed 10880K, reserved 1048576K
}
Event: 4641.332 GC heap before
{Heap before GC invocations=70 (full 7):
 PSYoungGen      total 792064K, used 31752K [0x0000000780000000, 0x00000007bec80000, 0x00000007c0000000)
  eden space 759808K, 0% used [0x0000000780000000,0x0000000780000000,0x00000007ae600000)
  from space 32256K, 98% used [0x00000007ae600000,0x00000007b0502340,0x00000007b0580000)
  to   space 134144K, 0% used [0x00000007b6980000,0x00000007b6980000,0x00000007bec80000)
 ParOldGen       total 360448K, used 334062K [0x0000000700000000, 0x0000000716000000, 0x0000000780000000)
  object space 360448K, 92% used [0x0000000700000000,0x000000071463b988,0x0000000716000000)
 Metaspace       used 81514K, capacity 83620K, committed 83800K, reserved 1122304K
  class space    used 10229K, capacity 10806K, committed 10880K, reserved 1048576K
Event: 4642.167 GC heap after
Heap after GC invocations=70 (full 7):
 PSYoungGen      total 792064K, used 0K [0x0000000780000000, 0x00000007bec80000, 0x00000007c0000000)
  eden space 759808K, 0% used [0x0000000780000000,0x0000000780000000,0x00000007ae600000)
  from space 32256K, 0% used [0x00000007ae600000,0x00000007ae600000,0x00000007b0580000)
  to   space 134144K, 0% used [0x00000007b6980000,0x00000007b6980000,0x00000007bec80000)
 ParOldGen       total 499712K, used 339331K [0x0000000700000000, 0x000000071e800000, 0x0000000780000000)
  object space 499712K, 67% used [0x0000000700000000,0x0000000714b60e68,0x000000071e800000)
 Metaspace       used 81514K, capacity 83620K, committed 83800K, reserved 1122304K
  class space    used 10229K, capacity 10806K, committed 10880K, reserved 1048576K
}
Event: 5131.427 GC heap before
{Heap before GC invocations=71 (full 7):
 PSYoungGen      total 792064K, used 754891K [0x0000000780000000, 0x00000007bec80000, 0x00000007c0000000)
  eden space 759808K, 99% used [0x0000000780000000,0x00000007ae132fb8,0x00000007ae600000)
  from space 32256K, 0% used [0x00000007ae600000,0x00000007ae600000,0x00000007b0580000)
  to   space 134144K, 0% used [0x00000007b6980000,0x00000007b6980000,0x00000007bec80000)
 ParOldGen       total 499712K, used 339331K [0x0000000700000000, 0x000000071e800000, 0x0000000780000000)
  object space 499712K, 67% used [0x0000000700000000,0x0000000714b60e68,0x000000071e800000)
 Metaspace       used 81648K, capacity 83816K, committed 84056K, reserved 1122304K
  class space    used 10241K, capacity 10828K, committed 10880K, reserved 1048576K
Event: 5131.796 GC heap after
Heap after GC invocations=71 (full 7):
 PSYoungGen      total 900096K, used 51451K [0x0000000780000000, 0x00000007c0000000, 0x00000007c0000000)
  eden space 765952K, 0% used [0x0000000780000000,0x0000000780000000,0x00000007aec00000)
  from space 134144K, 38% used [0x00000007b6980000,0x00000007b9bbef58,0x00000007bec80000)
  to   space 128512K, 0% used [0x00000007aec00000,0x00000007aec00000,0x00000007b6980000)
 ParOldGen       total 499712K, used 339339K [0x0000000700000000, 0x000000071e800000, 0x0000000780000000)
  object space 499712K, 67% used [0x0000000700000000,0x0000000714b62e68,0x000000071e800000)
 Metaspace       used 81648K, capacity 83816K, committed 84056K, reserved 1122304K
  class space    used 10241K, capacity 10828K, committed 10880K, reserved 1048576K
}
Event: 5135.056 GC heap before
{Heap before GC invocations=72 (full 7):
 PSYoungGen      total 900096K, used 817403K [0x0000000780000000, 0x00000007c0000000, 0x00000007c0000000)
  eden space 765952K, 100% used [0x0000000780000000,0x00000007aec00000,0x00000007aec00000)
  from space 134144K, 38% used [0x00000007b6980000,0x00000007b9bbef58,0x00000007bec80000)
  to   space 128512K, 0% used [0x00000007aec00000,0x00000007aec00000,0x00000007b6980000)
 ParOldGen       total 499712K, used 339339K [0x0000000700000000, 0x000000071e800000, 0x0000000780000000)
  object space 499712K, 67% used [0x0000000700000000,0x0000000714b62e68,0x000000071e800000)
 Metaspace       used 81652K, capacity 83828K, committed 84056K, reserved 1122304K
  class space    used 10242K, capacity 10830K, committed 10880K, reserved 1048576K
Event: 5135.182 GC heap after
Heap after GC invocations=72 (full 7):
 PSYoungGen      total 894464K, used 128K [0x0000000780000000, 0x00000007bf780000, 0x00000007c0000000)
  eden space 765952K, 0% used [0x0000000780000000,0x0000000780000000,0x00000007aec00000)
  from space 128512K, 0% used [0x00000007aec00000,0x00000007aec20000,0x00000007b6980000)
  to   space 126976K, 0% used [0x00000007b7b80000,0x00000007b7b80000,0x00000007bf780000)
 ParOldGen       total 499712K, used 362490K [0x0000000700000000, 0x000000071e800000, 0x0000000780000000)
  object space 499712K, 72% used [0x0000000700000000,0x00000007161feb10,0x000000071e800000)
 Metaspace       used 81652K, capacity 83828K, committed 84056K, reserved 1122304K
  class space    used 10242K, capacity 10830K, committed 10880K, reserved 1048576K
}
Event: 5137.108 GC heap before
{Heap before GC invocations=73 (full 7):
 PSYoungGen      total 894464K, used 766080K [0x0000000780000000, 0x00000007bf780000, 0x00000007c0000000)
  eden space 765952K, 100% used [0x0000000780000000,0x00000007aec00000,0x00000007aec00000)
  from space 128512K, 0% used [0x00000007aec00000,0x00000007aec20000,0x00000007b6980000)
  to   space 126976K, 0% used [0x00000007b7b80000,0x00000007b7b80000,0x00000007bf780000)
 ParOldGen       total 499712K, used 362490K [0x0000000700000000, 0x000000071e800000, 0x0000000780000000)
  object space 499712K, 72% used [0x0000000700000000,0x00000007161feb10,0x000000071e800000)
 Metaspace       used 81652K, capacity 83828K, committed 84056K, reserved 1122304K
  class space    used 10242K, capacity 10830K, committed 10880K, reserved 1048576K
Event: 5137.111 GC heap after
Heap after GC invocations=73 (full 7):
 PSYoungGen      total 915456K, used 128K [0x0000000780000000, 0x00000007bf980000, 0x00000007c0000000)
  eden space 788480K, 0% used [0x0000000780000000,0x0000000780000000,0x00000007b0200000)
  from space 126976K, 0% used [0x00000007b7b80000,0x00000007b7ba0000,0x00000007bf780000)
  to   space 124416K, 0% used [0x00000007b0200000,0x00000007b0200000,0x00000007b7b80000)
 ParOldGen       total 499712K, used 362514K [0x0000000700000000, 0x000000071e800000, 0x0000000780000000)
  object space 499712K, 72% used [0x0000000700000000,0x0000000716204b10,0x000000071e800000)
 Metaspace       used 81652K, capacity 83828K, committed 84056K, reserved 1122304K
  class space    used 10242K, capacity 10830K, committed 10880K, reserved 1048576K
}
Event: 5138.753 GC heap before
{Heap before GC invocations=74 (full 7):
 PSYoungGen      total 915456K, used 788608K [0x0000000780000000, 0x00000007bf980000, 0x00000007c0000000)
  eden space 788480K, 100% used [0x0000000780000000,0x00000007b0200000,0x00000007b0200000)
  from space 126976K, 0% used [0x00000007b7b80000,0x00000007b7ba0000,0x00000007bf780000)
  to   space 124416K, 0% used [0x00000007b0200000,0x00000007b0200000,0x00000007b7b80000)
 ParOldGen       total 499712K, used 362514K [0x0000000700000000, 0x000000071e800000, 0x0000000780000000)
  object space 499712K, 72% used [0x0000000700000000,0x0000000716204b10,0x000000071e800000)
 Metaspace       used 81656K, capacity 83840K, committed 84056K, reserved 1122304K
  class space    used 10243K, capacity 10832K, committed 10880K, reserved 1048576K
Event: 5138.758 GC heap after
Heap after GC invocations=74 (full 7):
 PSYoungGen      total 912896K, used 160K [0x0000000780000000, 0x00000007bf780000, 0x00000007c0000000)
  eden space 788480K, 0% used [0x0000000780000000,0x0000000780000000,0x00000007b0200000)
  from space 124416K, 0% used [0x00000007b0200000,0x00000007b0228000,0x00000007b7b80000)
  to   space 121344K, 0% used [0x00000007b8100000,0x00000007b8100000,0x00000007bf780000)
 ParOldGen       total 499712K, used 362522K [0x0000000700000000, 0x000000071e800000, 0x0000000780000000)
  object space 499712K, 72% used [0x0000000700000000,0x0000000716206b10,0x000000071e800000)
 Metaspace       used 81656K, capacity 83840K, committed 84056K, reserved 1122304K
  class space    used 10243K, capacity 10832K, committed 10880K, reserved 1048576K
}
Event: 5140.068 GC heap before
{Heap before GC invocations=75 (full 7):
 PSYoungGen      total 912896K, used 788640K [0x0000000780000000, 0x00000007bf780000, 0x00000007c0000000)
  eden space 788480K, 100% used [0x0000000780000000,0x00000007b0200000,0x00000007b0200000)
  from space 124416K, 0% used [0x00000007b0200000,0x00000007b0228000,0x00000007b7b80000)
  to   space 121344K, 0% used [0x00000007b8100000,0x00000007b8100000,0x00000007bf780000)
 ParOldGen       total 499712K, used 362522K [0x0000000700000000, 0x000000071e800000, 0x0000000780000000)
  object space 499712K, 72% used [0x0000000700000000,0x0000000716206b10,0x000000071e800000)
 Metaspace       used 81671K, capacity 83876K, committed 84056K, reserved 1122304K
  class space    used 10247K, capacity 10838K, committed 10880K, reserved 1048576K
Event: 5140.075 GC heap after
Heap after GC invocations=75 (full 7):
 PSYoungGen      total 920576K, used 288K [0x0000000780000000, 0x00000007bf600000, 0x00000007c0000000)
  eden space 800768K, 0% used [0x0000000780000000,0x0000000780000000,0x00000007b0e00000)
  from space 119808K, 0% used [0x00000007b8100000,0x00000007b8148020,0x00000007bf600000)
  to   space 117760K, 0% used [0x00000007b0e00000,0x00000007b0e00000,0x00000007b8100000)
 ParOldGen       total 499712K, used 362546K [0x0000000700000000, 0x000000071e800000, 0x0000000780000000)
  object space 499712K, 72% used [0x0000000700000000,0x000000071620cb10,0x000000071e800000)
 Metaspace       used 81671K, capacity 83876K, committed 84056K, reserved 1122304K
  class space    used 10247K, capacity 10838K, committed 10880K, reserved 1048576K
}
Event: 5141.393 GC heap before
{Heap before GC invocations=76 (full 7):
 PSYoungGen      total 920576K, used 801056K [0x0000000780000000, 0x00000007bf600000, 0x00000007c0000000)
  eden space 800768K, 100% used [0x0000000780000000,0x00000007b0e00000,0x00000007b0e00000)
  from space 119808K, 0% used [0x00000007b8100000,0x00000007b8148020,0x00000007bf600000)
  to   space 117760K, 0% used [0x00000007b0e00000,0x00000007b0e00000,0x00000007b8100000)
 ParOldGen       total 499712K, used 362546K [0x0000000700000000, 0x000000071e800000, 0x0000000780000000)
  object space 499712K, 72% used [0x0000000700000000,0x000000071620cb10,0x000000071e800000)
 Metaspace       used 81671K, capacity 83876K, committed 84056K, reserved 1122304K
  class space    used 10247K, capacity 10838K, committed 10880K, reserved 1048576K
Event: 5141.396 GC heap after
Heap after GC invocations=76 (full 7):
 PSYoungGen      total 918528K, used 160K [0x0000000780000000, 0x00000007bf500000, 0x00000007c0000000)
  eden space 800768K, 0% used [0x0000000780000000,0x0000000780000000,0x00000007b0e00000)
  from space 117760K, 0% used [0x00000007b0e00000,0x00000007b0e28000,0x00000007b8100000)
  to   space 113152K, 0% used [0x00000007b8680000,0x00000007b8680000,0x00000007bf500000)
 ParOldGen       total 499712K, used 362578K [0x0000000700000000, 0x000000071e800000, 0x0000000780000000)
  object space 499712K, 72% used [0x0000000700000000,0x0000000716214b10,0x000000071e800000)
 Metaspace       used 81671K, capacity 83876K, committed 84056K, reserved 1122304K
  class space    used 10247K, capacity 10838K, committed 10880K, reserved 1048576K
}
Event: 5142.653 GC heap before
{Heap before GC invocations=77 (full 7):
 PSYoungGen      total 918528K, used 800928K [0x0000000780000000, 0x00000007bf500000, 0x00000007c0000000)
  eden space 800768K, 100% used [0x0000000780000000,0x00000007b0e00000,0x00000007b0e00000)
  from space 117760K, 0% used [0x00000007b0e00000,0x00000007b0e28000,0x00000007b8100000)
  to   space 113152K, 0% used [0x00000007b8680000,0x00000007b8680000,0x00000007bf500000)
 ParOldGen       total 499712K, used 362578K [0x0000000700000000, 0x000000071e800000, 0x0000000780000000)
  object space 499712K, 72% used [0x0000000700000000,0x0000000716214b10,0x000000071e800000)
 Metaspace       used 81674K, capacity 83882K, committed 84056K, reserved 1122304K
  class space    used 10247K, capacity 10839K, committed 10880K, reserved 1048576K
Event: 5142.691 GC heap after
Heap after GC invocations=77 (full 7):
 PSYoungGen      total 924672K, used 31632K [0x0000000780000000, 0x00000007bef80000, 0x00000007c0000000)
  eden space 817152K, 0% used [0x0000000780000000,0x0000000780000000,0x00000007b1e00000)
  from space 107520K, 29% used [0x00000007b8680000,0x00000007ba5640c8,0x00000007bef80000)
  to   space 107008K, 0% used [0x00000007b1e00000,0x00000007b1e00000,0x00000007b8680000)
 ParOldGen       total 499712K, used 362586K [0x0000000700000000, 0x000000071e800000, 0x0000000780000000)
  object space 499712K, 72% used [0x0000000700000000,0x0000000716216b10,0x000000071e800000)
 Metaspace       used 81674K, capacity 83882K, committed 84056K, reserved 1122304K
  class space    used 10247K, capacity 10839K, committed 10880K, reserved 1048576K
}
Event: 5143.381 GC heap before
{Heap before GC invocations=78 (full 7):
 PSYoungGen      total 924672K, used 848784K [0x0000000780000000, 0x00000007bef80000, 0x00000007c0000000)
  eden space 817152K, 100% used [0x0000000780000000,0x00000007b1e00000,0x00000007b1e00000)
  from space 107520K, 29% used [0x00000007b8680000,0x00000007ba5640c8,0x00000007bef80000)
  to   space 107008K, 0% used [0x00000007b1e00000,0x00000007b1e00000,0x00000007b8680000)
 ParOldGen       total 499712K, used 362586K [0x0000000700000000, 0x000000071e800000, 0x0000000780000000)
  object space 499712K, 72% used [0x0000000700000000,0x0000000716216b10,0x000000071e800000)
 Metaspace       used 81674K, capacity 83882K, committed 84056K, reserved 1122304K
  class space    used 10247K, capacity 10839K, committed 10880K, reserved 1048576K
Event: 5143.430 GC heap after
Heap after GC invocations=78 (full 7):
 PSYoungGen      total 924160K, used 27330K [0x0000000780000000, 0x00000007bf080000, 0x00000007c0000000)
  eden space 817152K, 0% used [0x0000000780000000,0x0000000780000000,0x00000007b1e00000)
  from space 107008K, 25% used [0x00000007b1e00000,0x00000007b38b09d0,0x00000007b8680000)
  to   space 99328K, 0% used [0x00000007b8f80000,0x00000007b8f80000,0x00000007bf080000)
 ParOldGen       total 499712K, used 362602K [0x0000000700000000, 0x000000071e800000, 0x0000000780000000)
  object space 499712K, 72% used [0x0000000700000000,0x000000071621ab10,0x000000071e800000)
 Metaspace       used 81674K, capacity 83882K, committed 84056K, reserved 1122304K
  class space    used 10247K, capacity 10839K, committed 10880K, reserved 1048576K
}
Event: 5151.746 GC heap before
{Heap before GC invocations=79 (full 7):
 PSYoungGen      total 924160K, used 844482K [0x0000000780000000, 0x00000007bf080000, 0x00000007c0000000)
  eden space 817152K, 100% used [0x0000000780000000,0x00000007b1e00000,0x00000007b1e00000)
  from space 107008K, 25% used [0x00000007b1e00000,0x00000007b38b09d0,0x00000007b8680000)
  to   space 99328K, 0% used [0x00000007b8f80000,0x00000007b8f80000,0x00000007bf080000)
 ParOldGen       total 499712K, used 362602K [0x0000000700000000, 0x000000071e800000, 0x0000000780000000)
  object space 499712K, 72% used [0x0000000700000000,0x000000071621ab10,0x000000071e800000)
 Metaspace       used 82912K, capacity 85280K, committed 85592K, reserved 1124352K
  class space    used 10391K, capacity 11012K, committed 11136K, reserved 1048576K
Event: 5151.927 GC heap after
Heap after GC invocations=79 (full 7):
 PSYoungGen      total 918528K, used 85230K [0x0000000780000000, 0x00000007c0000000, 0x00000007c0000000)
  eden space 819200K, 0% used [0x0000000780000000,0x0000000780000000,0x00000007b2000000)
  from space 99328K, 85% used [0x00000007b8f80000,0x00000007be2bba98,0x00000007bf080000)
  to   space 114176K, 0% used [0x00000007b2000000,0x00000007b2000000,0x00000007b8f80000)
 ParOldGen       total 499712K, used 362710K [0x0000000700000000, 0x000000071e800000, 0x0000000780000000)
  object space 499712K, 72% used [0x0000000700000000,0x0000000716235b60,0x000000071e800000)
 Metaspace       used 82912K, capacity 85280K, committed 85592K, reserved 1124352K
  class space    used 10391K, capacity 11012K, committed 11136K, reserved 1048576K
}
Event: 5156.920 GC heap before
{Heap before GC invocations=80 (full 7):
 PSYoungGen      total 918528K, used 903843K [0x0000000780000000, 0x00000007c0000000, 0x00000007c0000000)
  eden space 819200K, 99% used [0x0000000780000000,0x00000007b1f6d2e0,0x00000007b2000000)
  from space 99328K, 85% used [0x00000007b8f80000,0x00000007be2bba98,0x00000007bf080000)
  to   space 114176K, 0% used [0x00000007b2000000,0x00000007b2000000,0x00000007b8f80000)
 ParOldGen       total 499712K, used 362710K [0x0000000700000000, 0x000000071e800000, 0x0000000780000000)
  object space 499712K, 72% used [0x0000000700000000,0x0000000716235b60,0x000000071e800000)
 Metaspace       used 83623K, capacity 86006K, committed 86104K, reserved 1124352K
  class space    used 10478K, capacity 11118K, committed 11136K, reserved 1048576K
Event: 5157.107 GC heap after
Heap after GC invocations=80 (full 7):
 PSYoungGen      total 933376K, used 56783K [0x0000000780000000, 0x00000007c0000000, 0x00000007c0000000)
  eden space 819200K, 0% used [0x0000000780000000,0x0000000780000000,0x00000007b2000000)
  from space 114176K, 49% used [0x00000007b2000000,0x00000007b5773c80,0x00000007b8f80000)
  to   space 115200K, 0% used [0x00000007b8f80000,0x00000007b8f80000,0x00000007c0000000)
 ParOldGen       total 499712K, used 435766K [0x0000000700000000, 0x000000071e800000, 0x0000000780000000)
  object space 499712K, 87% used [0x0000000700000000,0x000000071a98d8f8,0x000000071e800000)
 Metaspace       used 83623K, capacity 86006K, committed 86104K, reserved 1124352K
  class space    used 10478K, capacity 11118K, committed 11136K, reserved 1048576K
}
Event: 5157.107 GC heap before
{Heap before GC invocations=81 (full 8):
 PSYoungGen      total 933376K, used 56783K [0x0000000780000000, 0x00000007c0000000, 0x00000007c0000000)
  eden space 819200K, 0% used [0x0000000780000000,0x0000000780000000,0x00000007b2000000)
  from space 114176K, 49% used [0x00000007b2000000,0x00000007b5773c80,0x00000007b8f80000)
  to   space 115200K, 0% used [0x00000007b8f80000,0x00000007b8f80000,0x00000007c0000000)
 ParOldGen       total 499712K, used 435766K [0x0000000700000000, 0x000000071e800000, 0x0000000780000000)
  object space 499712K, 87% used [0x0000000700000000,0x000000071a98d8f8,0x000000071e800000)
 Metaspace       used 83623K, capacity 86006K, committed 86104K, reserved 1124352K
  class space    used 10478K, capacity 11118K, committed 11136K, reserved 1048576K
Event: 5159.756 GC heap after
Heap after GC invocations=81 (full 8):
 PSYoungGen      total 933376K, used 0K [0x0000000780000000, 0x00000007c0000000, 0x00000007c0000000)
  eden space 819200K, 0% used [0x0000000780000000,0x0000000780000000,0x00000007b2000000)
  from space 114176K, 0% used [0x00000007b2000000,0x00000007b2000000,0x00000007b8f80000)
  to   space 115200K, 0% used [0x00000007b8f80000,0x00000007b8f80000,0x00000007c0000000)
 ParOldGen       total 590848K, used 429123K [0x0000000700000000, 0x0000000724100000, 0x0000000780000000)
  object space 590848K, 72% used [0x0000000700000000,0x000000071a310d58,0x0000000724100000)
 Metaspace       used 83623K, capacity 86006K, committed 86104K, reserved 1124352K
  class space    used 10478K, capacity 11118K, committed 11136K, reserved 1048576K
}
Event: 5164.834 GC heap before
{Heap before GC invocations=82 (full 8):
 PSYoungGen      total 933376K, used 818703K [0x0000000780000000, 0x00000007c0000000, 0x00000007c0000000)
  eden space 819200K, 99% used [0x0000000780000000,0x00000007b1f83ca0,0x00000007b2000000)
  from space 114176K, 0% used [0x00000007b2000000,0x00000007b2000000,0x00000007b8f80000)
  to   space 115200K, 0% used [0x00000007b8f80000,0x00000007b8f80000,0x00000007c0000000)
 ParOldGen       total 590848K, used 429123K [0x0000000700000000, 0x0000000724100000, 0x0000000780000000)
  object space 590848K, 72% used [0x0000000700000000,0x000000071a310d58,0x0000000724100000)
 Metaspace       used 83671K, capacity 86270K, committed 86360K, reserved 1124352K
  class space    used 10485K, capacity 11130K, committed 11136K, reserved 1048576K
Event: 5164.960 GC heap after
Heap after GC invocations=82 (full 8):
 PSYoungGen      total 927232K, used 45045K [0x0000000780000000, 0x00000007bf900000, 0x00000007c0000000)
  eden space 819200K, 0% used [0x0000000780000000,0x0000000780000000,0x00000007b2000000)
  from space 108032K, 41% used [0x00000007b8f80000,0x00000007bbb7d688,0x00000007bf900000)
  to   space 111104K, 0% used [0x00000007b2000000,0x00000007b2000000,0x00000007b8c80000)
 ParOldGen       total 590848K, used 429131K [0x0000000700000000, 0x0000000724100000, 0x0000000780000000)
  object space 590848K, 72% used [0x0000000700000000,0x000000071a312d58,0x0000000724100000)
 Metaspace       used 83671K, capacity 86270K, committed 86360K, reserved 1124352K
  class space    used 10485K, capacity 11130K, committed 11136K, reserved 1048576K
}
Event: 5473.594 GC heap before
{Heap before GC invocations=83 (full 8):
 PSYoungGen      total 927232K, used 864245K [0x0000000780000000, 0x00000007bf900000, 0x00000007c0000000)
  eden space 819200K, 100% used [0x0000000780000000,0x00000007b2000000,0x00000007b2000000)
  from space 108032K, 41% used [0x00000007b8f80000,0x00000007bbb7d688,0x00000007bf900000)
  to   space 111104K, 0% used [0x00000007b2000000,0x00000007b2000000,0x00000007b8c80000)
 ParOldGen       total 590848K, used 429131K [0x0000000700000000, 0x0000000724100000, 0x0000000780000000)
  object space 590848K, 72% used [0x0000000700000000,0x000000071a312d58,0x0000000724100000)
 Metaspace       used 83944K, capacity 86580K, committed 86744K, reserved 1124352K
  class space    used 10533K, capacity 11211K, committed 11264K, reserved 1048576K
Event: 5474.653 GC heap after
Heap after GC invocations=83 (full 8):
 PSYoungGen      total 930304K, used 18395K [0x0000000780000000, 0x00000007bfa00000, 0x00000007c0000000)
  eden space 819200K, 0% used [0x0000000780000000,0x0000000780000000,0x00000007b2000000)
  from space 111104K, 16% used [0x00000007b2000000,0x00000007b31f6d40,0x00000007b8c80000)
  to   space 106496K, 0% used [0x00000007b9200000,0x00000007b9200000,0x00000007bfa00000)
 ParOldGen       total 590848K, used 429379K [0x0000000700000000, 0x0000000724100000, 0x0000000780000000)
  object space 590848K, 72% used [0x0000000700000000,0x000000071a350d68,0x0000000724100000)
 Metaspace       used 83944K, capacity 86580K, committed 86744K, reserved 1124352K
  class space    used 10533K, capacity 11211K, committed 11264K, reserved 1048576K
}
Event: 5486.955 GC heap before
{Heap before GC invocations=84 (full 8):
 PSYoungGen      total 930304K, used 837595K [0x0000000780000000, 0x00000007bfa00000, 0x00000007c0000000)
  eden space 819200K, 100% used [0x0000000780000000,0x00000007b2000000,0x00000007b2000000)
  from space 111104K, 16% used [0x00000007b2000000,0x00000007b31f6d40,0x00000007b8c80000)
  to   space 106496K, 0% used [0x00000007b9200000,0x00000007b9200000,0x00000007bfa00000)
 ParOldGen       total 590848K, used 429379K [0x0000000700000000, 0x0000000724100000, 0x0000000780000000)
  object space 590848K, 72% used [0x0000000700000000,0x000000071a350d68,0x0000000724100000)
 Metaspace       used 83945K, capacity 86580K, committed 86744K, reserved 1124352K
  class space    used 10533K, capacity 11211K, committed 11264K, reserved 1048576K
Event: 5487.332 GC heap after
Heap after GC invocations=84 (full 8):
 PSYoungGen      total 935936K, used 160K [0x0000000780000000, 0x00000007bf880000, 0x00000007c0000000)
  eden space 830976K, 0% used [0x0000000780000000,0x0000000780000000,0x00000007b2b80000)
  from space 104960K, 0% used [0x00000007b9200000,0x00000007b9228000,0x00000007bf880000)
  to   space 104960K, 0% used [0x00000007b2b80000,0x00000007b2b80000,0x00000007b9200000)
 ParOldGen       total 590848K, used 432347K [0x0000000700000000, 0x0000000724100000, 0x0000000780000000)
  object space 590848K, 73% used [0x0000000700000000,0x000000071a636c18,0x0000000724100000)
 Metaspace       used 83945K, capacity 86580K, committed 86744K, reserved 1124352K
  class space    used 10533K, capacity 11211K, committed 11264K, reserved 1048576K
}
Event: 5494.594 GC heap before
{Heap before GC invocations=85 (full 8):
 PSYoungGen      total 935936K, used 831136K [0x0000000780000000, 0x00000007bf880000, 0x00000007c0000000)
  eden space 830976K, 100% used [0x0000000780000000,0x00000007b2b80000,0x00000007b2b80000)
  from space 104960K, 0% used [0x00000007b9200000,0x00000007b9228000,0x00000007bf880000)
  to   space 104960K, 0% used [0x00000007b2b80000,0x00000007b2b80000,0x00000007b9200000)
 ParOldGen       total 590848K, used 432347K [0x0000000700000000, 0x0000000724100000, 0x0000000780000000)
  object space 590848K, 73% used [0x0000000700000000,0x000000071a636c18,0x0000000724100000)
 Metaspace       used 83945K, capacity 86580K, committed 86744K, reserved 1124352K
  class space    used 10533K, capacity 11211K, committed 11264K, reserved 1048576K
Event: 5494.849 GC heap after
Heap after GC invocations=85 (full 8):
 PSYoungGen      total 935936K, used 160K [0x0000000780000000, 0x00000007bfb00000, 0x00000007c0000000)
  eden space 830976K, 0% used [0x0000000780000000,0x0000000780000000,0x00000007b2b80000)
  from space 104960K, 0% used [0x00000007b2b80000,0x00000007b2ba8000,0x00000007b9200000)
  to   space 102400K, 0% used [0x00000007b9700000,0x00000007b9700000,0x00000007bfb00000)
 ParOldGen       total 590848K, used 432371K [0x0000000700000000, 0x0000000724100000, 0x0000000780000000)
  object space 590848K, 73% used [0x0000000700000000,0x000000071a63cc18,0x0000000724100000)
 Metaspace       used 83945K, capacity 86580K, committed 86744K, reserved 1124352K
  class space    used 10533K, capacity 11211K, committed 11264K, reserved 1048576K
}
Event: 5500.205 GC heap before
{Heap before GC invocations=86 (full 8):
 PSYoungGen      total 935936K, used 831136K [0x0000000780000000, 0x00000007bfb00000, 0x00000007c0000000)
  eden space 830976K, 100% used [0x0000000780000000,0x00000007b2b80000,0x00000007b2b80000)
  from space 104960K, 0% used [0x00000007b2b80000,0x00000007b2ba8000,0x00000007b9200000)
  to   space 102400K, 0% used [0x00000007b9700000,0x00000007b9700000,0x00000007bfb00000)
 ParOldGen       total 590848K, used 432371K [0x0000000700000000, 0x0000000724100000, 0x0000000780000000)
  object space 590848K, 73% used [0x0000000700000000,0x000000071a63cc18,0x0000000724100000)
 Metaspace       used 84021K, capacity 86708K, committed 87000K, reserved 1124352K
  class space    used 10540K, capacity 11211K, committed 11264K, reserved 1048576K
Event: 5500.638 GC heap after
Heap after GC invocations=86 (full 8):
 PSYoungGen      total 933888K, used 63067K [0x0000000780000000, 0x00000007c0000000, 0x00000007c0000000)
  eden space 831488K, 0% used [0x0000000780000000,0x0000000780000000,0x00000007b2c00000)
  from space 102400K, 61% used [0x00000007b9700000,0x00000007bd496f18,0x00000007bfb00000)
  to   space 108544K, 0% used [0x00000007b2c00000,0x00000007b2c00000,0x00000007b9600000)
 ParOldGen       total 590848K, used 432395K [0x0000000700000000, 0x0000000724100000, 0x0000000780000000)
  object space 590848K, 73% used [0x0000000700000000,0x000000071a642c18,0x0000000724100000)
 Metaspace       used 84021K, capacity 86708K, committed 87000K, reserved 1124352K
  class space    used 10540K, capacity 11211K, committed 11264K, reserved 1048576K
}
Event: 5502.929 GC heap before
{Heap before GC invocations=87 (full 8):
 PSYoungGen      total 933888K, used 894555K [0x0000000780000000, 0x00000007c0000000, 0x00000007c0000000)
  eden space 831488K, 100% used [0x0000000780000000,0x00000007b2c00000,0x00000007b2c00000)
  from space 102400K, 61% used [0x00000007b9700000,0x00000007bd496f18,0x00000007bfb00000)
  to   space 108544K, 0% used [0x00000007b2c00000,0x00000007b2c00000,0x00000007b9600000)
 ParOldGen       total 590848K, used 432395K [0x0000000700000000, 0x0000000724100000, 0x0000000780000000)
  object space 590848K, 73% used [0x0000000700000000,0x000000071a642c18,0x0000000724100000)
 Metaspace       used 84026K, capacity 86708K, committed 87000K, reserved 1124352K
  class space    used 10540K, capacity 11211K, committed 11264K, reserved 1048576K
Event: 5503.150 GC heap after
Heap after GC invocations=87 (full 8):
 PSYoungGen      total 887296K, used 55577K [0x0000000780000000, 0x00000007c0000000, 0x00000007c0000000)
  eden space 831488K, 0% used [0x0000000780000000,0x0000000780000000,0x00000007b2c00000)
  from space 55808K, 99% used [0x00000007b2c00000,0x00000007b6246760,0x00000007b6280000)
  to   space 109568K, 0% used [0x00000007b9500000,0x00000007b9500000,0x00000007c0000000)
 ParOldGen       total 590848K, used 476931K [0x0000000700000000, 0x0000000724100000, 0x0000000780000000)
  object space 590848K, 80% used [0x0000000700000000,0x000000071d1c0dd8,0x0000000724100000)
 Metaspace       used 84026K, capacity 86708K, committed 87000K, reserved 1124352K
  class space    used 10540K, capacity 11211K, committed 11264K, reserved 1048576K
}
Event: 5506.652 GC heap before
{Heap before GC invocations=88 (full 8):
 PSYoungGen      total 887296K, used 887065K [0x0000000780000000, 0x00000007c0000000, 0x00000007c0000000)
  eden space 831488K, 100% used [0x0000000780000000,0x00000007b2c00000,0x00000007b2c00000)
  from space 55808K, 99% used [0x00000007b2c00000,0x00000007b6246760,0x00000007b6280000)
  to   space 109568K, 0% used [0x00000007b9500000,0x00000007b9500000,0x00000007c0000000)
 ParOldGen       total 590848K, used 476931K [0x0000000700000000, 0x0000000724100000, 0x0000000780000000)
  object space 590848K, 80% used [0x0000000700000000,0x000000071d1c0dd8,0x0000000724100000)
 Metaspace       used 84289K, capacity 86988K, committed 87256K, reserved 1126400K
  class space    used 10563K, capacity 11215K, committed 11264K, reserved 1048576K
Event: 5506.783 GC heap after
Heap after GC invocations=88 (full 8):
 PSYoungGen      total 945152K, used 26669K [0x0000000780000000, 0x00000007c0000000, 0x00000007c0000000)
  eden space 835584K, 0% used [0x0000000780000000,0x0000000780000000,0x00000007b3000000)
  from space 109568K, 24% used [0x00000007b9500000,0x00000007baf0b410,0x00000007c0000000)
  to   space 103424K, 0% used [0x00000007b3000000,0x00000007b3000000,0x00000007b9500000)
 ParOldGen       total 590848K, used 513218K [0x0000000700000000, 0x0000000724100000, 0x0000000780000000)
  object space 590848K, 86% used [0x0000000700000000,0x000000071f530be8,0x0000000724100000)
 Metaspace       used 84289K, capacity 86988K, committed 87256K, reserved 1126400K
  class space    used 10563K, capacity 11215K, committed 11264K, reserved 1048576K
}
Event: 5509.009 GC heap before
{Heap before GC invocations=89 (full 8):
 PSYoungGen      total 945152K, used 862253K [0x0000000780000000, 0x00000007c0000000, 0x00000007c0000000)
  eden space 835584K, 100% used [0x0000000780000000,0x00000007b3000000,0x00000007b3000000)
  from space 109568K, 24% used [0x00000007b9500000,0x00000007baf0b410,0x00000007c0000000)
  to   space 103424K, 0% used [0x00000007b3000000,0x00000007b3000000,0x00000007b9500000)
 ParOldGen       total 590848K, used 513218K [0x0000000700000000, 0x0000000724100000, 0x0000000780000000)
  object space 590848K, 86% used [0x0000000700000000,0x000000071f530be8,0x0000000724100000)
 Metaspace       used 84816K, capacity 87482K, committed 87640K, reserved 1126400K
  class space    used 10614K, capacity 11288K, committed 11392K, reserved 1048576K
Event: 5509.240 GC heap after
Heap after GC invocations=89 (full 8):
 PSYoungGen      total 939008K, used 103417K [0x0000000780000000, 0x00000007c0000000, 0x00000007c0000000)
  eden space 835584K, 0% used [0x0000000780000000,0x0000000780000000,0x00000007b3000000)
  from space 103424K, 99% used [0x00000007b3000000,0x00000007b94fe530,0x00000007b9500000)
  to   space 109568K, 0% used [0x00000007b9500000,0x00000007b9500000,0x00000007c0000000)
 ParOldGen       total 590848K, used 523687K [0x0000000700000000, 0x0000000724100000, 0x0000000780000000)
  object space 590848K, 88% used [0x0000000700000000,0x000000071ff69fe8,0x0000000724100000)
 Metaspace       used 84816K, capacity 87482K, committed 87640K, reserved 1126400K
  class space    used 10614K, capacity 11288K, committed 11392K, reserved 1048576K
}
Event: 5511.042 GC heap before
{Heap before GC invocations=90 (full 8):
 PSYoungGen      total 939008K, used 939001K [0x0000000780000000, 0x00000007c0000000, 0x00000007c0000000)
  eden space 835584K, 100% used [0x0000000780000000,0x00000007b3000000,0x00000007b3000000)
  from space 103424K, 99% used [0x00000007b3000000,0x00000007b94fe530,0x00000007b9500000)
  to   space 109568K, 0% used [0x00000007b9500000,0x00000007b9500000,0x00000007c0000000)
 ParOldGen       total 590848K, used 523687K [0x0000000700000000, 0x0000000724100000, 0x0000000780000000)
  object space 590848K, 88% used [0x0000000700000000,0x000000071ff69fe8,0x0000000724100000)
 Metaspace       used 84820K, capacity 87482K, committed 87640K, reserved 1126400K
  class space    used 10615K, capacity 11288K, committed 11392K, reserved 1048576K
Event: 5512.347 GC heap after
Heap after GC invocations=90 (full 8):
 PSYoungGen      total 601088K, used 109565K [0x0000000780000000, 0x00000007c0000000, 0x00000007c0000000)
  eden space 491520K, 0% used [0x0000000780000000,0x0000000780000000,0x000000079e000000)
  from space 109568K, 99% used [0x00000007b9500000,0x00000007bffff4a8,0x00000007c0000000)
  to   space 278528K, 0% used [0x000000079e000000,0x000000079e000000,0x00000007af000000)
 ParOldGen       total 889856K, used 889398K [0x0000000700000000, 0x0000000736500000, 0x0000000780000000)
  object space 889856K, 99% used [0x0000000700000000,0x000000073648d818,0x0000000736500000)
 Metaspace       used 84820K, capacity 87482K, committed 87640K, reserved 1126400K
  class space    used 10615K, capacity 11288K, committed 11392K, reserved 1048576K
}
Event: 5512.347 GC heap before
{Heap before GC invocations=91 (full 9):
 PSYoungGen      total 601088K, used 109565K [0x0000000780000000, 0x00000007c0000000, 0x00000007c0000000)
  eden space 491520K, 0% used [0x0000000780000000,0x0000000780000000,0x000000079e000000)
  from space 109568K, 99% used [0x00000007b9500000,0x00000007bffff4a8,0x00000007c0000000)
  to   space 278528K, 0% used [0x000000079e000000,0x000000079e000000,0x00000007af000000)
 ParOldGen       total 889856K, used 889398K [0x0000000700000000, 0x0000000736500000, 0x0000000780000000)
  object space 889856K, 99% used [0x0000000700000000,0x000000073648d818,0x0000000736500000)
 Metaspace       used 84820K, capacity 87482K, committed 87640K, reserved 1126400K
  class space    used 10615K, capacity 11288K, committed 11392K, reserved 1048576K
Event: 5518.875 GC heap after
Heap after GC invocations=91 (full 9):
 PSYoungGen      total 601088K, used 1019K [0x0000000780000000, 0x00000007c0000000, 0x00000007c0000000)
  eden space 491520K, 0% used [0x0000000780000000,0x0000000780000000,0x000000079e000000)
  from space 109568K, 0% used [0x00000007b9500000,0x00000007b95fee78,0x00000007c0000000)
  to   space 278528K, 0% used [0x000000079e000000,0x000000079e000000,0x00000007af000000)
 ParOldGen       total 1170432K, used 889576K [0x0000000700000000, 0x0000000747700000, 0x0000000780000000)
  object space 1170432K, 76% used [0x0000000700000000,0x00000007364ba150,0x0000000747700000)
 Metaspace       used 84820K, capacity 87482K, committed 87640K, reserved 1126400K
  class space    used 10615K, capacity 11288K, committed 11392K, reserved 1048576K
}
Event: 5521.215 GC heap before
{Heap before GC invocations=92 (full 9):
 PSYoungGen      total 601088K, used 492539K [0x0000000780000000, 0x00000007c0000000, 0x00000007c0000000)
  eden space 491520K, 100% used [0x0000000780000000,0x000000079e000000,0x000000079e000000)
  from space 109568K, 0% used [0x00000007b9500000,0x00000007b95fee78,0x00000007c0000000)
  to   space 278528K, 0% used [0x000000079e000000,0x000000079e000000,0x00000007af000000)
 ParOldGen       total 1170432K, used 889576K [0x0000000700000000, 0x0000000747700000, 0x0000000780000000)
  object space 1170432K, 76% used [0x0000000700000000,0x00000007364ba150,0x0000000747700000)
 Metaspace       used 84820K, capacity 87482K, committed 87640K, reserved 1126400K
  class space    used 10615K, capacity 11288K, committed 11392K, reserved 1048576K
Event: 5523.803 GC heap after
Heap after GC invocations=92 (full 9):
 PSYoungGen      total 755200K, used 263492K [0x0000000780000000, 0x00000007c0000000, 0x00000007c0000000)
  eden space 491520K, 0% used [0x0000000780000000,0x0000000780000000,0x000000079e000000)
  from space 263680K, 99% used [0x000000079e000000,0x00000007ae151330,0x00000007ae180000)
  to   space 293376K, 0% used [0x00000007ae180000,0x00000007ae180000,0x00000007c0000000)
 ParOldGen       total 1170432K, used 890616K [0x0000000700000000, 0x0000000747700000, 0x0000000780000000)
  object space 1170432K, 76% used [0x0000000700000000,0x00000007365be150,0x0000000747700000)
 Metaspace       used 84820K, capacity 87482K, committed 87640K, reserved 1126400K
  class space    used 10615K, capacity 11288K, committed 11392K, reserved 1048576K
}
Event: 5525.401 GC heap before
{Heap before GC invocations=93 (full 9):
 PSYoungGen      total 755200K, used 755012K [0x0000000780000000, 0x00000007c0000000, 0x00000007c0000000)
  eden space 491520K, 100% used [0x0000000780000000,0x000000079e000000,0x000000079e000000)
  from space 263680K, 99% used [0x000000079e000000,0x00000007ae151330,0x00000007ae180000)
  to   space 293376K, 0% used [0x00000007ae180000,0x00000007ae180000,0x00000007c0000000)
 ParOldGen       total 1170432K, used 890616K [0x0000000700000000, 0x0000000747700000, 0x0000000780000000)
  object space 1170432K, 76% used [0x0000000700000000,0x00000007365be150,0x0000000747700000)
 Metaspace       used 84820K, capacity 87482K, committed 87640K, reserved 1126400K
  class space    used 10615K, capacity 11288K, committed 11392K, reserved 1048576K
Event: 5528.445 GC heap after
Heap after GC invocations=93 (full 9):
 PSYoungGen      total 643584K, used 245262K [0x0000000780000000, 0x00000007c0000000, 0x00000007c0000000)
  eden space 350208K, 0% used [0x0000000780000000,0x0000000780000000,0x0000000795600000)
  from space 293376K, 83% used [0x00000007ae180000,0x00000007bd103a80,0x00000007c0000000)
  to   space 349184K, 0% used [0x0000000795600000,0x0000000795600000,0x00000007aab00000)
 ParOldGen       total 1170432K, used 1105311K [0x0000000700000000, 0x0000000747700000, 0x0000000780000000)
  object space 1170432K, 94% used [0x0000000700000000,0x0000000743767c68,0x0000000747700000)
 Metaspace       used 84820K, capacity 87482K, committed 87640K, reserved 1126400K
  class space    used 10615K, capacity 11288K, committed 11392K, reserved 1048576K
}
Event: 5528.445 GC heap before
{Heap before GC invocations=94 (full 10):
 PSYoungGen      total 643584K, used 245262K [0x0000000780000000, 0x00000007c0000000, 0x00000007c0000000)
  eden space 350208K, 0% used [0x0000000780000000,0x0000000780000000,0x0000000795600000)
  from space 293376K, 83% used [0x00000007ae180000,0x00000007bd103a80,0x00000007c0000000)
  to   space 349184K, 0% used [0x0000000795600000,0x0000000795600000,0x00000007aab00000)
 ParOldGen       total 1170432K, used 1105311K [0x0000000700000000, 0x0000000747700000, 0x0000000780000000)
  object space 1170432K, 94% used [0x0000000700000000,0x0000000743767c68,0x0000000747700000)
 Metaspace       used 84820K, capacity 87482K, committed 87640K, reserved 1126400K
  class space    used 10615K, capacity 11288K, committed 11392K, reserved 1048576K
Event: 5543.532 GC heap after
Heap after GC invocations=94 (full 10):
 PSYoungGen      total 643584K, used 140443K [0x0000000780000000, 0x00000007c0000000, 0x00000007c0000000)
  eden space 350208K, 0% used [0x0000000780000000,0x0000000780000000,0x0000000795600000)
  from space 293376K, 47% used [0x00000007ae180000,0x00000007b6aa6f98,0x00000007c0000000)
  to   space 349184K, 0% used [0x0000000795600000,0x0000000795600000,0x00000007aab00000)
 ParOldGen       total 1503232K, used 1170020K [0x0000000700000000, 0x000000075bc00000, 0x0000000780000000)
  object space 1503232K, 77% used [0x0000000700000000,0x0000000747699040,0x000000075bc00000)
 Metaspace       used 84820K, capacity 87482K, committed 87640K, reserved 1126400K
  class space    used 10615K, capacity 11288K, committed 11392K, reserved 1048576K
}
Event: 5545.993 GC heap before
{Heap before GC invocations=95 (full 10):
 PSYoungGen      total 643584K, used 490651K [0x0000000780000000, 0x00000007c0000000, 0x00000007c0000000)
  eden space 350208K, 100% used [0x0000000780000000,0x0000000795600000,0x0000000795600000)
  from space 293376K, 47% used [0x00000007ae180000,0x00000007b6aa6f98,0x00000007c0000000)
  to   space 349184K, 0% used [0x0000000795600000,0x0000000795600000,0x00000007aab00000)
 ParOldGen       total 1503232K, used 1170020K [0x0000000700000000, 0x000000075bc00000, 0x0000000780000000)
  object space 1503232K, 77% used [0x0000000700000000,0x0000000747699040,0x000000075bc00000)
 Metaspace       used 84825K, capacity 87482K, committed 87640K, reserved 1126400K
  class space    used 10615K, capacity 11288K, committed 11392K, reserved 1048576K
Event: 5550.205 GC heap after
Heap after GC invocations=95 (full 10):
 PSYoungGen      total 699392K, used 167919K [0x0000000780000000, 0x00000007c0000000, 0x00000007c0000000)
  eden space 350208K, 0% used [0x0000000780000000,0x0000000780000000,0x0000000795600000)
  from space 349184K, 48% used [0x0000000795600000,0x000000079f9fbcd8,0x00000007aab00000)
  to   space 349184K, 0% used [0x00000007aab00000,0x00000007aab00000,0x00000007c0000000)
 ParOldGen       total 1503232K, used 1265051K [0x0000000700000000, 0x000000075bc00000, 0x0000000780000000)
  object space 1503232K, 84% used [0x0000000700000000,0x000000074d366d50,0x000000075bc00000)
 Metaspace       used 84825K, capacity 87482K, committed 87640K, reserved 1126400K
  class space    used 10615K, capacity 11288K, committed 11392K, reserved 1048576K
}
Event: 5555.628 GC heap before
{Heap before GC invocations=96 (full 10):
 PSYoungGen      total 699392K, used 518127K [0x0000000780000000, 0x00000007c0000000, 0x00000007c0000000)
  eden space 350208K, 100% used [0x0000000780000000,0x0000000795600000,0x0000000795600000)
  from space 349184K, 48% used [0x0000000795600000,0x000000079f9fbcd8,0x00000007aab00000)
  to   space 349184K, 0% used [0x00000007aab00000,0x00000007aab00000,0x00000007c0000000)
 ParOldGen       total 1503232K, used 1265051K [0x0000000700000000, 0x000000075bc00000, 0x0000000780000000)
  object space 1503232K, 84% used [0x0000000700000000,0x000000074d366d50,0x000000075bc00000)
 Metaspace       used 84894K, capacity 87566K, committed 87896K, reserved 1126400K
  class space    used 10622K, capacity 11292K, committed 11392K, reserved 1048576K
Event: 5557.526 GC heap after
Heap after GC invocations=96 (full 10):
 PSYoungGen      total 673792K, used 143121K [0x0000000780000000, 0x00000007be700000, 0x00000007c0000000)
  eden space 350208K, 0% used [0x0000000780000000,0x0000000780000000,0x0000000795600000)
  from space 323584K, 44% used [0x00000007aab00000,0x00000007b36c4558,0x00000007be700000)
  to   space 336384K, 0% used [0x0000000795600000,0x0000000795600000,0x00000007a9e80000)
 ParOldGen       total 1503232K, used 1399365K [0x0000000700000000, 0x000000075bc00000, 0x0000000780000000)
  object space 1503232K, 93% used [0x0000000700000000,0x00000007556914f8,0x000000075bc00000)
 Metaspace       used 84894K, capacity 87566K, committed 87896K, reserved 1126400K
  class space    used 10622K, capacity 11292K, committed 11392K, reserved 1048576K
}
Event: 5557.526 GC heap before
{Heap before GC invocations=97 (full 11):
 PSYoungGen      total 673792K, used 143121K [0x0000000780000000, 0x00000007be700000, 0x00000007c0000000)
  eden space 350208K, 0% used [0x0000000780000000,0x0000000780000000,0x0000000795600000)
  from space 323584K, 44% used [0x00000007aab00000,0x00000007b36c4558,0x00000007be700000)
  to   space 336384K, 0% used [0x0000000795600000,0x0000000795600000,0x00000007a9e80000)
 ParOldGen       total 1503232K, used 1399365K [0x0000000700000000, 0x000000075bc00000, 0x0000000780000000)
  object space 1503232K, 93% used [0x0000000700000000,0x00000007556914f8,0x000000075bc00000)
 Metaspace       used 84894K, capacity 87566K, committed 87896K, reserved 1126400K
  class space    used 10622K, capacity 11292K, committed 11392K, reserved 1048576K
Event: 5577.385 GC heap after
Heap after GC invocations=97 (full 11):
 PSYoungGen      total 673792K, used 35858K [0x0000000780000000, 0x00000007be700000, 0x00000007c0000000)
  eden space 350208K, 0% used [0x0000000780000000,0x0000000780000000,0x0000000795600000)
  from space 323584K, 11% used [0x00000007aab00000,0x00000007ace048d8,0x00000007be700000)
  to   space 336384K, 0% used [0x0000000795600000,0x0000000795600000,0x00000007a9e80000)
 ParOldGen       total 1852416K, used 1502742K [0x0000000700000000, 0x0000000771100000, 0x0000000780000000)
  object space 1852416K, 81% used [0x0000000700000000,0x000000075bb85858,0x0000000771100000)
 Metaspace       used 84894K, capacity 87566K, committed 87896K, reserved 1126400K
  class space    used 10622K, capacity 11292K, committed 11392K, reserved 1048576K
}
Event: 5583.776 GC heap before
{Heap before GC invocations=98 (full 11):
 PSYoungGen      total 673792K, used 386066K [0x0000000780000000, 0x00000007be700000, 0x00000007c0000000)
  eden space 350208K, 100% used [0x0000000780000000,0x0000000795600000,0x0000000795600000)
  from space 323584K, 11% used [0x00000007aab00000,0x00000007ace048d8,0x00000007be700000)
  to   space 336384K, 0% used [0x0000000795600000,0x0000000795600000,0x00000007a9e80000)
 ParOldGen       total 1852416K, used 1502742K [0x0000000700000000, 0x0000000771100000, 0x0000000780000000)
  object space 1852416K, 81% used [0x0000000700000000,0x000000075bb85858,0x0000000771100000)
 Metaspace       used 87279K, capacity 90184K, committed 90456K, reserved 1128448K
  class space    used 10807K, capacity 11527K, committed 11648K, reserved 1048576K

